{"D:\\Work\\2025\\10-nextjs\\my-saas-platform\\jest.config.ts": {"path":"D:\\Work\\2025\\10-nextjs\\my-saas-platform\\jest.config.ts","statementMap":{"0":{"start":{"line":1,"column":17},"end":{"line":1,"column":null}},"1":{"start":{"line":4,"column":25},"end":{"line":7,"column":null}},"2":{"start":{"line":10,"column":25},"end":{"line":41,"column":null}},"3":{"start":{"line":44,"column":0},"end":{"line":44,"column":null}}},"fnMap":{},"branchMap":{},"s":{"0":0,"1":0,"2":0,"3":0},"f":{},"b":{}}
,"D:\\Work\\2025\\10-nextjs\\my-saas-platform\\middleware.ts": {"path":"D:\\Work\\2025\\10-nextjs\\my-saas-platform\\middleware.ts","statementMap":{"0":{"start":{"line":44,"column":13},"end":{"line":44,"column":22}},"1":{"start":{"line":7,"column":22},"end":{"line":7,"column":33}},"2":{"start":{"line":1,"column":29},"end":{"line":1,"column":null}},"3":{"start":{"line":3,"column":16},"end":{"line":3,"column":null}},"4":{"start":{"line":5,"column":19},"end":{"line":5,"column":null}},"5":{"start":{"line":8,"column":25},"end":{"line":8,"column":36}},"6":{"start":{"line":11,"column":4},"end":{"line":18,"column":null}},"7":{"start":{"line":17,"column":8},"end":{"line":17,"column":null}},"8":{"start":{"line":20,"column":23},"end":{"line":20,"column":null}},"9":{"start":{"line":22,"column":4},"end":{"line":24,"column":null}},"10":{"start":{"line":23,"column":8},"end":{"line":23,"column":null}},"11":{"start":{"line":26,"column":18},"end":{"line":26,"column":42}},"12":{"start":{"line":28,"column":4},"end":{"line":41,"column":null}},"13":{"start":{"line":29,"column":24},"end":{"line":29,"column":null}},"14":{"start":{"line":32,"column":31},"end":{"line":32,"column":null}},"15":{"start":{"line":33,"column":8},"end":{"line":33,"column":null}},"16":{"start":{"line":35,"column":8},"end":{"line":37,"column":null}},"17":{"start":{"line":39,"column":8},"end":{"line":39,"column":null}},"18":{"start":{"line":40,"column":8},"end":{"line":40,"column":null}},"19":{"start":{"line":44,"column":22},"end":{"line":47,"column":null}}},"fnMap":{"0":{"name":"middleware","decl":{"start":{"line":7,"column":22},"end":{"line":7,"column":33}},"loc":{"start":{"line":7,"column":49},"end":{"line":42,"column":null}}}},"branchMap":{"0":{"loc":{"start":{"line":5,"column":19},"end":{"line":5,"column":null}},"type":"binary-expr","locations":[{"start":{"line":5,"column":19},"end":{"line":5,"column":46}},{"start":{"line":5,"column":50},"end":{"line":5,"column":null}}]},"1":{"loc":{"start":{"line":11,"column":4},"end":{"line":18,"column":null}},"type":"if","locations":[{"start":{"line":11,"column":4},"end":{"line":18,"column":null}},{"start":{},"end":{}}]},"2":{"loc":{"start":{"line":12,"column":8},"end":{"line":15,"column":null}},"type":"binary-expr","locations":[{"start":{"line":12,"column":8},"end":{"line":12,"column":null}},{"start":{"line":13,"column":11},"end":{"line":13,"column":null}},{"start":{"line":14,"column":11},"end":{"line":14,"column":null}},{"start":{"line":15,"column":11},"end":{"line":15,"column":null}}]},"3":{"loc":{"start":{"line":22,"column":4},"end":{"line":24,"column":null}},"type":"if","locations":[{"start":{"line":22,"column":4},"end":{"line":24,"column":null}},{"start":{},"end":{}}]},"4":{"loc":{"start":{"line":22,"column":8},"end":{"line":22,"column":58}},"type":"binary-expr","locations":[{"start":{"line":22,"column":8},"end":{"line":22,"column":23}},{"start":{"line":22,"column":23},"end":{"line":22,"column":58}}]}},"s":{"0":0,"1":0,"2":0,"3":0,"4":0,"5":0,"6":0,"7":0,"8":0,"9":0,"10":0,"11":0,"12":0,"13":0,"14":0,"15":0,"16":0,"17":0,"18":0,"19":0},"f":{"0":0},"b":{"0":[0,0],"1":[0,0],"2":[0,0,0,0],"3":[0,0],"4":[0,0]}}
,"D:\\Work\\2025\\10-nextjs\\my-saas-platform\\next.config.ts": {"path":"D:\\Work\\2025\\10-nextjs\\my-saas-platform\\next.config.ts","statementMap":{"0":{"start":{"line":7,"column":0},"end":{"line":7,"column":15}},"1":{"start":{"line":3,"column":31},"end":{"line":5,"column":null}},"2":{"start":{"line":7,"column":15},"end":{"line":7,"column":null}}},"fnMap":{},"branchMap":{},"s":{"0":0,"1":0,"2":0},"f":{},"b":{}}
,"D:\\Work\\2025\\10-nextjs\\my-saas-platform\\app\\layout.tsx": {"path":"D:\\Work\\2025\\10-nextjs\\my-saas-platform\\app\\layout.tsx","statementMap":{"0":{"start":{"line":22,"column":24},"end":{"line":22,"column":35}},"1":{"start":{"line":17,"column":13},"end":{"line":17,"column":34}},"2":{"start":{"line":2,"column":34},"end":{"line":2,"column":null}},"3":{"start":{"line":3,"column":7},"end":{"line":3,"column":null}},"4":{"start":{"line":4,"column":29},"end":{"line":4,"column":null}},"5":{"start":{"line":5,"column":26},"end":{"line":5,"column":null}},"6":{"start":{"line":7,"column":18},"end":{"line":10,"column":null}},"7":{"start":{"line":12,"column":18},"end":{"line":15,"column":null}},"8":{"start":{"line":17,"column":34},"end":{"line":20,"column":null}}},"fnMap":{"0":{"name":"RootLayout","decl":{"start":{"line":22,"column":24},"end":{"line":22,"column":35}},"loc":{"start":{"line":26,"column":2},"end":{"line":40,"column":null}}}},"branchMap":{},"s":{"0":0,"1":0,"2":0,"3":0,"4":0,"5":0,"6":0,"7":0,"8":0},"f":{"0":0},"b":{}}
,"D:\\Work\\2025\\10-nextjs\\my-saas-platform\\app\\page.tsx": {"path":"D:\\Work\\2025\\10-nextjs\\my-saas-platform\\app\\page.tsx","statementMap":{"0":{"start":{"line":3,"column":24},"end":{"line":3,"column":null}},"1":{"start":{"line":4,"column":2},"end":{"line":5,"column":null}}},"fnMap":{"0":{"name":"Home","decl":{"start":{"line":3,"column":24},"end":{"line":3,"column":null}},"loc":{"start":{"line":3,"column":24},"end":{"line":7,"column":null}}}},"branchMap":{},"s":{"0":0,"1":0},"f":{"0":0},"b":{}}
,"D:\\Work\\2025\\10-nextjs\\my-saas-platform\\app\\api\\auth\\login\\route.ts": {"path":"D:\\Work\\2025\\10-nextjs\\my-saas-platform\\app\\api\\auth\\login\\route.ts","statementMap":{"0":{"start":{"line":52,"column":13},"end":{"line":52,"column":21}},"1":{"start":{"line":1,"column":29},"end":{"line":1,"column":null}},"2":{"start":{"line":2,"column":23},"end":{"line":2,"column":null}},"3":{"start":{"line":3,"column":31},"end":{"line":3,"column":null}},"4":{"start":{"line":4,"column":16},"end":{"line":4,"column":null}},"5":{"start":{"line":6,"column":19},"end":{"line":6,"column":null}},"6":{"start":{"line":52,"column":21},"end":{"line":68,"column":null}},"7":{"start":{"line":53,"column":2},"end":{"line":67,"column":null}},"8":{"start":{"line":54,"column":32},"end":{"line":54,"column":null}},"9":{"start":{"line":55,"column":17},"end":{"line":55,"column":null}},"10":{"start":{"line":56,"column":4},"end":{"line":56,"column":null}},"11":{"start":{"line":56,"column":15},"end":{"line":56,"column":null}},"12":{"start":{"line":58,"column":20},"end":{"line":58,"column":null}},"13":{"start":{"line":59,"column":4},"end":{"line":59,"column":null}},"14":{"start":{"line":59,"column":18},"end":{"line":59,"column":null}},"15":{"start":{"line":62,"column":18},"end":{"line":62,"column":null}},"16":{"start":{"line":64,"column":4},"end":{"line":64,"column":null}},"17":{"start":{"line":66,"column":4},"end":{"line":66,"column":null}}},"fnMap":{"0":{"name":"(anonymous_2)","decl":{"start":{"line":52,"column":21},"end":{"line":52,"column":28}},"loc":{"start":{"line":52,"column":28},"end":{"line":68,"column":null}}}},"branchMap":{"0":{"loc":{"start":{"line":6,"column":19},"end":{"line":6,"column":null}},"type":"binary-expr","locations":[{"start":{"line":6,"column":19},"end":{"line":6,"column":46}},{"start":{"line":6,"column":50},"end":{"line":6,"column":null}}]},"1":{"loc":{"start":{"line":56,"column":4},"end":{"line":56,"column":null}},"type":"if","locations":[{"start":{"line":56,"column":4},"end":{"line":56,"column":null}},{"start":{},"end":{}}]},"2":{"loc":{"start":{"line":59,"column":4},"end":{"line":59,"column":null}},"type":"if","locations":[{"start":{"line":59,"column":4},"end":{"line":59,"column":null}},{"start":{},"end":{}}]}},"s":{"0":0,"1":0,"2":0,"3":0,"4":0,"5":0,"6":0,"7":0,"8":0,"9":0,"10":0,"11":0,"12":0,"13":0,"14":0,"15":0,"16":0,"17":0},"f":{"0":0},"b":{"0":[0,0],"1":[0,0],"2":[0,0]}}
,"D:\\Work\\2025\\10-nextjs\\my-saas-platform\\app\\api\\auth\\register\\route.ts": {"path":"D:\\Work\\2025\\10-nextjs\\my-saas-platform\\app\\api\\auth\\register\\route.ts","statementMap":{"0":{"start":{"line":33,"column":13},"end":{"line":33,"column":20}},"1":{"start":{"line":1,"column":29},"end":{"line":1,"column":null}},"2":{"start":{"line":2,"column":23},"end":{"line":2,"column":null}},"3":{"start":{"line":3,"column":29},"end":{"line":3,"column":null}},"4":{"start":{"line":4,"column":31},"end":{"line":4,"column":null}},"5":{"start":{"line":5,"column":33},"end":{"line":5,"column":null}},"6":{"start":{"line":33,"column":20},"end":{"line":53,"column":null}},"7":{"start":{"line":34,"column":2},"end":{"line":52,"column":null}},"8":{"start":{"line":37,"column":25},"end":{"line":37,"column":null}},"9":{"start":{"line":38,"column":4},"end":{"line":38,"column":null}},"10":{"start":{"line":38,"column":22},"end":{"line":38,"column":null}},"11":{"start":{"line":40,"column":27},"end":{"line":40,"column":null}},"12":{"start":{"line":42,"column":17},"end":{"line":47,"column":null}},"13":{"start":{"line":49,"column":4},"end":{"line":49,"column":null}},"14":{"start":{"line":51,"column":4},"end":{"line":51,"column":null}}},"fnMap":{"0":{"name":"(anonymous_1)","decl":{"start":{"line":33,"column":53},"end":{"line":33,"column":60}},"loc":{"start":{"line":33,"column":83},"end":{"line":53,"column":null}}}},"branchMap":{"0":{"loc":{"start":{"line":38,"column":4},"end":{"line":38,"column":null}},"type":"if","locations":[{"start":{"line":38,"column":4},"end":{"line":38,"column":null}},{"start":{},"end":{}}]}},"s":{"0":0,"1":0,"2":0,"3":0,"4":0,"5":0,"6":0,"7":0,"8":0,"9":0,"10":0,"11":0,"12":0,"13":0,"14":0},"f":{"0":0},"b":{"0":[0,0]}}
,"D:\\Work\\2025\\10-nextjs\\my-saas-platform\\app\\api\\docs\\route.ts": {"path":"D:\\Work\\2025\\10-nextjs\\my-saas-platform\\app\\api\\docs\\route.ts","statementMap":{"0":{"start":{"line":4,"column":22},"end":{"line":4,"column":null}},"1":{"start":{"line":1,"column":29},"end":{"line":1,"column":null}},"2":{"start":{"line":2,"column":28},"end":{"line":2,"column":null}},"3":{"start":{"line":5,"column":2},"end":{"line":5,"column":null}}},"fnMap":{"0":{"name":"GET","decl":{"start":{"line":4,"column":22},"end":{"line":4,"column":null}},"loc":{"start":{"line":4,"column":22},"end":{"line":6,"column":null}}}},"branchMap":{},"s":{"0":0,"1":0,"2":0,"3":0},"f":{"0":0},"b":{}}
,"D:\\Work\\2025\\10-nextjs\\my-saas-platform\\app\\api\\organizations\\route.ts": {"path":"D:\\Work\\2025\\10-nextjs\\my-saas-platform\\app\\api\\organizations\\route.ts","statementMap":{"0":{"start":{"line":78,"column":13},"end":{"line":78,"column":19}},"1":{"start":{"line":38,"column":13},"end":{"line":38,"column":20}},"2":{"start":{"line":1,"column":29},"end":{"line":1,"column":null}},"3":{"start":{"line":2,"column":23},"end":{"line":2,"column":null}},"4":{"start":{"line":3,"column":31},"end":{"line":3,"column":null}},"5":{"start":{"line":4,"column":41},"end":{"line":4,"column":null}},"6":{"start":{"line":38,"column":20},"end":{"line":54,"column":null}},"7":{"start":{"line":40,"column":23},"end":{"line":40,"column":null}},"8":{"start":{"line":41,"column":8},"end":{"line":41,"column":null}},"9":{"start":{"line":41,"column":21},"end":{"line":41,"column":null}},"10":{"start":{"line":43,"column":8},"end":{"line":43,"column":null}},"11":{"start":{"line":44,"column":8},"end":{"line":53,"column":null}},"12":{"start":{"line":45,"column":33},"end":{"line":47,"column":null}},"13":{"start":{"line":49,"column":12},"end":{"line":49,"column":null}},"14":{"start":{"line":51,"column":12},"end":{"line":51,"column":null}},"15":{"start":{"line":52,"column":12},"end":{"line":52,"column":null}},"16":{"start":{"line":78,"column":19},"end":{"line":93,"column":null}},"17":{"start":{"line":79,"column":19},"end":{"line":79,"column":null}},"18":{"start":{"line":80,"column":4},"end":{"line":80,"column":null}},"19":{"start":{"line":80,"column":17},"end":{"line":80,"column":null}},"20":{"start":{"line":82,"column":4},"end":{"line":92,"column":null}},"21":{"start":{"line":83,"column":30},"end":{"line":86,"column":null}},"22":{"start":{"line":88,"column":8},"end":{"line":88,"column":null}},"23":{"start":{"line":90,"column":8},"end":{"line":90,"column":null}},"24":{"start":{"line":91,"column":8},"end":{"line":91,"column":null}}},"fnMap":{"0":{"name":"(anonymous_3)","decl":{"start":{"line":39,"column":4},"end":{"line":39,"column":11}},"loc":{"start":{"line":39,"column":35},"end":{"line":54,"column":null}}},"1":{"name":"(anonymous_4)","decl":{"start":{"line":78,"column":19},"end":{"line":78,"column":26}},"loc":{"start":{"line":78,"column":26},"end":{"line":93,"column":null}}}},"branchMap":{"0":{"loc":{"start":{"line":41,"column":8},"end":{"line":41,"column":null}},"type":"if","locations":[{"start":{"line":41,"column":8},"end":{"line":41,"column":null}},{"start":{},"end":{}}]},"1":{"loc":{"start":{"line":80,"column":4},"end":{"line":80,"column":null}},"type":"if","locations":[{"start":{"line":80,"column":4},"end":{"line":80,"column":null}},{"start":{},"end":{}}]}},"s":{"0":0,"1":0,"2":0,"3":0,"4":0,"5":0,"6":0,"7":0,"8":0,"9":0,"10":0,"11":0,"12":0,"13":0,"14":0,"15":0,"16":0,"17":0,"18":0,"19":0,"20":0,"21":0,"22":0,"23":0,"24":0},"f":{"0":0,"1":0},"b":{"0":[0,0],"1":[0,0]}}
,"D:\\Work\\2025\\10-nextjs\\my-saas-platform\\app\\api\\organizations\\[organizationId]\\route.ts": {"path":"D:\\Work\\2025\\10-nextjs\\my-saas-platform\\app\\api\\organizations\\[organizationId]\\route.ts","statementMap":{"0":{"start":{"line":125,"column":13},"end":{"line":125,"column":22}},"1":{"start":{"line":29,"column":22},"end":{"line":29,"column":26}},"2":{"start":{"line":80,"column":13},"end":{"line":80,"column":19}},"3":{"start":{"line":1,"column":23},"end":{"line":1,"column":null}},"4":{"start":{"line":2,"column":41},"end":{"line":2,"column":null}},"5":{"start":{"line":3,"column":31},"end":{"line":3,"column":null}},"6":{"start":{"line":4,"column":29},"end":{"line":4,"column":null}},"7":{"start":{"line":30,"column":19},"end":{"line":30,"column":null}},"8":{"start":{"line":31,"column":4},"end":{"line":31,"column":null}},"9":{"start":{"line":31,"column":16},"end":{"line":31,"column":null}},"10":{"start":{"line":33,"column":31},"end":{"line":33,"column":null}},"11":{"start":{"line":35,"column":25},"end":{"line":37,"column":null}},"12":{"start":{"line":39,"column":4},"end":{"line":41,"column":null}},"13":{"start":{"line":40,"column":8},"end":{"line":40,"column":null}},"14":{"start":{"line":43,"column":4},"end":{"line":43,"column":null}},"15":{"start":{"line":80,"column":19},"end":{"line":100,"column":null}},"16":{"start":{"line":81,"column":19},"end":{"line":81,"column":null}},"17":{"start":{"line":82,"column":4},"end":{"line":82,"column":null}},"18":{"start":{"line":82,"column":17},"end":{"line":82,"column":null}},"19":{"start":{"line":84,"column":31},"end":{"line":84,"column":null}},"20":{"start":{"line":86,"column":25},"end":{"line":88,"column":null}},"21":{"start":{"line":90,"column":4},"end":{"line":92,"column":null}},"22":{"start":{"line":91,"column":8},"end":{"line":91,"column":null}},"23":{"start":{"line":94,"column":20},"end":{"line":97,"column":null}},"24":{"start":{"line":99,"column":4},"end":{"line":99,"column":null}},"25":{"start":{"line":125,"column":22},"end":{"line":142,"column":null}},"26":{"start":{"line":126,"column":19},"end":{"line":126,"column":null}},"27":{"start":{"line":127,"column":4},"end":{"line":127,"column":null}},"28":{"start":{"line":127,"column":17},"end":{"line":127,"column":null}},"29":{"start":{"line":129,"column":31},"end":{"line":129,"column":null}},"30":{"start":{"line":131,"column":25},"end":{"line":133,"column":null}},"31":{"start":{"line":135,"column":4},"end":{"line":137,"column":null}},"32":{"start":{"line":136,"column":8},"end":{"line":136,"column":null}},"33":{"start":{"line":139,"column":4},"end":{"line":139,"column":null}},"34":{"start":{"line":141,"column":4},"end":{"line":141,"column":null}}},"fnMap":{"0":{"name":"GET","decl":{"start":{"line":29,"column":22},"end":{"line":29,"column":26}},"loc":{"start":{"line":29,"column":99},"end":{"line":44,"column":null}}},"1":{"name":"(anonymous_5)","decl":{"start":{"line":80,"column":60},"end":{"line":80,"column":67}},"loc":{"start":{"line":80,"column":138},"end":{"line":100,"column":null}}},"2":{"name":"(anonymous_6)","decl":{"start":{"line":125,"column":22},"end":{"line":125,"column":29}},"loc":{"start":{"line":125,"column":102},"end":{"line":142,"column":null}}}},"branchMap":{"0":{"loc":{"start":{"line":31,"column":4},"end":{"line":31,"column":null}},"type":"if","locations":[{"start":{"line":31,"column":4},"end":{"line":31,"column":null}},{"start":{},"end":{}}]},"1":{"loc":{"start":{"line":39,"column":4},"end":{"line":41,"column":null}},"type":"if","locations":[{"start":{"line":39,"column":4},"end":{"line":41,"column":null}},{"start":{},"end":{}}]},"2":{"loc":{"start":{"line":39,"column":8},"end":{"line":39,"column":58}},"type":"binary-expr","locations":[{"start":{"line":39,"column":8},"end":{"line":39,"column":25}},{"start":{"line":39,"column":25},"end":{"line":39,"column":58}}]},"3":{"loc":{"start":{"line":82,"column":4},"end":{"line":82,"column":null}},"type":"if","locations":[{"start":{"line":82,"column":4},"end":{"line":82,"column":null}},{"start":{},"end":{}}]},"4":{"loc":{"start":{"line":90,"column":4},"end":{"line":92,"column":null}},"type":"if","locations":[{"start":{"line":90,"column":4},"end":{"line":92,"column":null}},{"start":{},"end":{}}]},"5":{"loc":{"start":{"line":90,"column":8},"end":{"line":90,"column":58}},"type":"binary-expr","locations":[{"start":{"line":90,"column":8},"end":{"line":90,"column":25}},{"start":{"line":90,"column":25},"end":{"line":90,"column":58}}]},"6":{"loc":{"start":{"line":127,"column":4},"end":{"line":127,"column":null}},"type":"if","locations":[{"start":{"line":127,"column":4},"end":{"line":127,"column":null}},{"start":{},"end":{}}]},"7":{"loc":{"start":{"line":135,"column":4},"end":{"line":137,"column":null}},"type":"if","locations":[{"start":{"line":135,"column":4},"end":{"line":137,"column":null}},{"start":{},"end":{}}]},"8":{"loc":{"start":{"line":135,"column":8},"end":{"line":135,"column":58}},"type":"binary-expr","locations":[{"start":{"line":135,"column":8},"end":{"line":135,"column":25}},{"start":{"line":135,"column":25},"end":{"line":135,"column":58}}]}},"s":{"0":0,"1":0,"2":0,"3":0,"4":0,"5":0,"6":0,"7":0,"8":0,"9":0,"10":0,"11":0,"12":0,"13":0,"14":0,"15":0,"16":0,"17":0,"18":0,"19":0,"20":0,"21":0,"22":0,"23":0,"24":0,"25":0,"26":0,"27":0,"28":0,"29":0,"30":0,"31":0,"32":0,"33":0,"34":0},"f":{"0":0,"1":0,"2":0},"b":{"0":[0,0],"1":[0,0],"2":[0,0],"3":[0,0],"4":[0,0],"5":[0,0],"6":[0,0],"7":[0,0],"8":[0,0]}}
,"D:\\Work\\2025\\10-nextjs\\my-saas-platform\\app\\api\\organizations\\[organizationId]\\events\\route.ts": {"path":"D:\\Work\\2025\\10-nextjs\\my-saas-platform\\app\\api\\organizations\\[organizationId]\\events\\route.ts","statementMap":{"0":{"start":{"line":38,"column":13},"end":{"line":38,"column":19}},"1":{"start":{"line":1,"column":23},"end":{"line":1,"column":null}},"2":{"start":{"line":2,"column":42},"end":{"line":2,"column":null}},"3":{"start":{"line":38,"column":19},"end":{"line":77,"column":null}},"4":{"start":{"line":39,"column":2},"end":{"line":76,"column":null}},"5":{"start":{"line":40,"column":19},"end":{"line":40,"column":null}},"6":{"start":{"line":41,"column":4},"end":{"line":41,"column":null}},"7":{"start":{"line":41,"column":17},"end":{"line":41,"column":null}},"8":{"start":{"line":44,"column":31},"end":{"line":44,"column":null}},"9":{"start":{"line":46,"column":25},"end":{"line":48,"column":null}},"10":{"start":{"line":50,"column":4},"end":{"line":52,"column":null}},"11":{"start":{"line":51,"column":8},"end":{"line":51,"column":null}},"12":{"start":{"line":55,"column":19},"end":{"line":65,"column":5}},"13":{"start":{"line":67,"column":22},"end":{"line":70,"column":null}},"14":{"start":{"line":67,"column":39},"end":{"line":70,"column":null}},"15":{"start":{"line":72,"column":4},"end":{"line":72,"column":null}},"16":{"start":{"line":74,"column":4},"end":{"line":74,"column":null}},"17":{"start":{"line":75,"column":4},"end":{"line":75,"column":null}}},"fnMap":{"0":{"name":"(anonymous_1)","decl":{"start":{"line":38,"column":19},"end":{"line":38,"column":26}},"loc":{"start":{"line":38,"column":103},"end":{"line":77,"column":null}}},"1":{"name":"(anonymous_2)","decl":{"start":{"line":67,"column":33},"end":{"line":67,"column":39}},"loc":{"start":{"line":67,"column":39},"end":{"line":70,"column":null}}}},"branchMap":{"0":{"loc":{"start":{"line":41,"column":4},"end":{"line":41,"column":null}},"type":"if","locations":[{"start":{"line":41,"column":4},"end":{"line":41,"column":null}},{"start":{},"end":{}}]},"1":{"loc":{"start":{"line":50,"column":4},"end":{"line":52,"column":null}},"type":"if","locations":[{"start":{"line":50,"column":4},"end":{"line":52,"column":null}},{"start":{},"end":{}}]},"2":{"loc":{"start":{"line":50,"column":8},"end":{"line":50,"column":58}},"type":"binary-expr","locations":[{"start":{"line":50,"column":8},"end":{"line":50,"column":25}},{"start":{"line":50,"column":25},"end":{"line":50,"column":58}}]}},"s":{"0":0,"1":0,"2":0,"3":0,"4":0,"5":0,"6":0,"7":0,"8":0,"9":0,"10":0,"11":0,"12":0,"13":0,"14":0,"15":0,"16":0,"17":0},"f":{"0":0,"1":0},"b":{"0":[0,0],"1":[0,0],"2":[0,0]}}
,"D:\\Work\\2025\\10-nextjs\\my-saas-platform\\app\\api\\organizations\\[organizationId]\\projects\\route.ts": {"path":"D:\\Work\\2025\\10-nextjs\\my-saas-platform\\app\\api\\organizations\\[organizationId]\\projects\\route.ts","statementMap":{"0":{"start":{"line":23,"column":13},"end":{"line":23,"column":19}},"1":{"start":{"line":1,"column":23},"end":{"line":1,"column":null}},"2":{"start":{"line":2,"column":29},"end":{"line":2,"column":null}},"3":{"start":{"line":23,"column":19},"end":{"line":43,"column":null}},"4":{"start":{"line":24,"column":19},"end":{"line":24,"column":null}},"5":{"start":{"line":25,"column":4},"end":{"line":25,"column":null}},"6":{"start":{"line":25,"column":17},"end":{"line":25,"column":null}},"7":{"start":{"line":28,"column":31},"end":{"line":28,"column":null}},"8":{"start":{"line":30,"column":25},"end":{"line":32,"column":null}},"9":{"start":{"line":34,"column":4},"end":{"line":36,"column":null}},"10":{"start":{"line":35,"column":8},"end":{"line":35,"column":null}},"11":{"start":{"line":38,"column":21},"end":{"line":40,"column":null}},"12":{"start":{"line":42,"column":4},"end":{"line":42,"column":null}}},"fnMap":{"0":{"name":"(anonymous_1)","decl":{"start":{"line":23,"column":19},"end":{"line":23,"column":26}},"loc":{"start":{"line":23,"column":99},"end":{"line":43,"column":null}}}},"branchMap":{"0":{"loc":{"start":{"line":25,"column":4},"end":{"line":25,"column":null}},"type":"if","locations":[{"start":{"line":25,"column":4},"end":{"line":25,"column":null}},{"start":{},"end":{}}]},"1":{"loc":{"start":{"line":34,"column":4},"end":{"line":36,"column":null}},"type":"if","locations":[{"start":{"line":34,"column":4},"end":{"line":36,"column":null}},{"start":{},"end":{}}]},"2":{"loc":{"start":{"line":34,"column":8},"end":{"line":34,"column":58}},"type":"binary-expr","locations":[{"start":{"line":34,"column":8},"end":{"line":34,"column":25}},{"start":{"line":34,"column":25},"end":{"line":34,"column":58}}]}},"s":{"0":0,"1":0,"2":0,"3":0,"4":0,"5":0,"6":0,"7":0,"8":0,"9":0,"10":0,"11":0,"12":0},"f":{"0":0},"b":{"0":[0,0],"1":[0,0],"2":[0,0]}}
,"D:\\Work\\2025\\10-nextjs\\my-saas-platform\\app\\api\\projects\\route.ts": {"path":"D:\\Work\\2025\\10-nextjs\\my-saas-platform\\app\\api\\projects\\route.ts","statementMap":{"0":{"start":{"line":71,"column":13},"end":{"line":71,"column":19}},"1":{"start":{"line":42,"column":13},"end":{"line":42,"column":20}},"2":{"start":{"line":1,"column":29},"end":{"line":1,"column":null}},"3":{"start":{"line":2,"column":23},"end":{"line":2,"column":null}},"4":{"start":{"line":3,"column":36},"end":{"line":3,"column":null}},"5":{"start":{"line":4,"column":48},"end":{"line":4,"column":null}},"6":{"start":{"line":42,"column":20},"end":{"line":56,"column":null}},"7":{"start":{"line":43,"column":19},"end":{"line":43,"column":null}},"8":{"start":{"line":44,"column":4},"end":{"line":44,"column":null}},"9":{"start":{"line":44,"column":17},"end":{"line":44,"column":null}},"10":{"start":{"line":46,"column":16},"end":{"line":46,"column":null}},"11":{"start":{"line":47,"column":4},"end":{"line":49,"column":null}},"12":{"start":{"line":48,"column":8},"end":{"line":48,"column":null}},"13":{"start":{"line":51,"column":20},"end":{"line":53,"column":null}},"14":{"start":{"line":55,"column":4},"end":{"line":55,"column":null}},"15":{"start":{"line":71,"column":19},"end":{"line":81,"column":null}},"16":{"start":{"line":72,"column":19},"end":{"line":72,"column":null}},"17":{"start":{"line":73,"column":4},"end":{"line":73,"column":null}},"18":{"start":{"line":73,"column":17},"end":{"line":73,"column":null}},"19":{"start":{"line":75,"column":21},"end":{"line":78,"column":null}},"20":{"start":{"line":80,"column":4},"end":{"line":80,"column":null}}},"fnMap":{"0":{"name":"(anonymous_3)","decl":{"start":{"line":42,"column":56},"end":{"line":42,"column":63}},"loc":{"start":{"line":42,"column":87},"end":{"line":56,"column":null}}},"1":{"name":"(anonymous_4)","decl":{"start":{"line":71,"column":19},"end":{"line":71,"column":26}},"loc":{"start":{"line":71,"column":26},"end":{"line":81,"column":null}}}},"branchMap":{"0":{"loc":{"start":{"line":44,"column":4},"end":{"line":44,"column":null}},"type":"if","locations":[{"start":{"line":44,"column":4},"end":{"line":44,"column":null}},{"start":{},"end":{}}]},"1":{"loc":{"start":{"line":47,"column":4},"end":{"line":49,"column":null}},"type":"if","locations":[{"start":{"line":47,"column":4},"end":{"line":49,"column":null}},{"start":{},"end":{}}]},"2":{"loc":{"start":{"line":47,"column":8},"end":{"line":47,"column":40}},"type":"binary-expr","locations":[{"start":{"line":47,"column":8},"end":{"line":47,"column":16}},{"start":{"line":47,"column":16},"end":{"line":47,"column":40}}]},"3":{"loc":{"start":{"line":73,"column":4},"end":{"line":73,"column":null}},"type":"if","locations":[{"start":{"line":73,"column":4},"end":{"line":73,"column":null}},{"start":{},"end":{}}]}},"s":{"0":0,"1":0,"2":0,"3":0,"4":0,"5":0,"6":0,"7":0,"8":0,"9":0,"10":0,"11":0,"12":0,"13":0,"14":0,"15":0,"16":0,"17":0,"18":0,"19":0,"20":0},"f":{"0":0,"1":0},"b":{"0":[0,0],"1":[0,0],"2":[0,0],"3":[0,0]}}
,"D:\\Work\\2025\\10-nextjs\\my-saas-platform\\app\\api\\projects\\[projectId]\\route.ts": {"path":"D:\\Work\\2025\\10-nextjs\\my-saas-platform\\app\\api\\projects\\[projectId]\\route.ts","statementMap":{"0":{"start":{"line":133,"column":13},"end":{"line":133,"column":22}},"1":{"start":{"line":29,"column":22},"end":{"line":29,"column":26}},"2":{"start":{"line":87,"column":13},"end":{"line":87,"column":19}},"3":{"start":{"line":1,"column":29},"end":{"line":1,"column":null}},"4":{"start":{"line":2,"column":23},"end":{"line":2,"column":null}},"5":{"start":{"line":3,"column":36},"end":{"line":3,"column":null}},"6":{"start":{"line":4,"column":31},"end":{"line":4,"column":null}},"7":{"start":{"line":30,"column":19},"end":{"line":30,"column":null}},"8":{"start":{"line":31,"column":4},"end":{"line":31,"column":null}},"9":{"start":{"line":31,"column":16},"end":{"line":31,"column":null}},"10":{"start":{"line":33,"column":26},"end":{"line":33,"column":null}},"11":{"start":{"line":35,"column":20},"end":{"line":38,"column":null}},"12":{"start":{"line":40,"column":4},"end":{"line":42,"column":null}},"13":{"start":{"line":41,"column":8},"end":{"line":41,"column":null}},"14":{"start":{"line":44,"column":4},"end":{"line":44,"column":null}},"15":{"start":{"line":87,"column":19},"end":{"line":108,"column":null}},"16":{"start":{"line":88,"column":19},"end":{"line":88,"column":null}},"17":{"start":{"line":89,"column":4},"end":{"line":89,"column":null}},"18":{"start":{"line":89,"column":17},"end":{"line":89,"column":null}},"19":{"start":{"line":91,"column":26},"end":{"line":91,"column":null}},"20":{"start":{"line":93,"column":20},"end":{"line":96,"column":null}},"21":{"start":{"line":98,"column":4},"end":{"line":100,"column":null}},"22":{"start":{"line":99,"column":8},"end":{"line":99,"column":null}},"23":{"start":{"line":102,"column":20},"end":{"line":105,"column":null}},"24":{"start":{"line":107,"column":4},"end":{"line":107,"column":null}},"25":{"start":{"line":133,"column":22},"end":{"line":151,"column":null}},"26":{"start":{"line":134,"column":19},"end":{"line":134,"column":null}},"27":{"start":{"line":135,"column":4},"end":{"line":135,"column":null}},"28":{"start":{"line":135,"column":17},"end":{"line":135,"column":null}},"29":{"start":{"line":137,"column":26},"end":{"line":137,"column":null}},"30":{"start":{"line":139,"column":20},"end":{"line":142,"column":null}},"31":{"start":{"line":144,"column":4},"end":{"line":146,"column":null}},"32":{"start":{"line":145,"column":8},"end":{"line":145,"column":null}},"33":{"start":{"line":148,"column":4},"end":{"line":148,"column":null}},"34":{"start":{"line":150,"column":4},"end":{"line":150,"column":null}}},"fnMap":{"0":{"name":"GET","decl":{"start":{"line":29,"column":22},"end":{"line":29,"column":26}},"loc":{"start":{"line":29,"column":94},"end":{"line":45,"column":null}}},"1":{"name":"(anonymous_5)","decl":{"start":{"line":87,"column":55},"end":{"line":87,"column":62}},"loc":{"start":{"line":87,"column":128},"end":{"line":108,"column":null}}},"2":{"name":"(anonymous_6)","decl":{"start":{"line":133,"column":22},"end":{"line":133,"column":29}},"loc":{"start":{"line":133,"column":97},"end":{"line":151,"column":null}}}},"branchMap":{"0":{"loc":{"start":{"line":31,"column":4},"end":{"line":31,"column":null}},"type":"if","locations":[{"start":{"line":31,"column":4},"end":{"line":31,"column":null}},{"start":{},"end":{}}]},"1":{"loc":{"start":{"line":40,"column":4},"end":{"line":42,"column":null}},"type":"if","locations":[{"start":{"line":40,"column":4},"end":{"line":42,"column":null}},{"start":{},"end":{}}]},"2":{"loc":{"start":{"line":40,"column":8},"end":{"line":40,"column":61}},"type":"binary-expr","locations":[{"start":{"line":40,"column":8},"end":{"line":40,"column":20}},{"start":{"line":40,"column":20},"end":{"line":40,"column":61}}]},"3":{"loc":{"start":{"line":89,"column":4},"end":{"line":89,"column":null}},"type":"if","locations":[{"start":{"line":89,"column":4},"end":{"line":89,"column":null}},{"start":{},"end":{}}]},"4":{"loc":{"start":{"line":98,"column":4},"end":{"line":100,"column":null}},"type":"if","locations":[{"start":{"line":98,"column":4},"end":{"line":100,"column":null}},{"start":{},"end":{}}]},"5":{"loc":{"start":{"line":98,"column":8},"end":{"line":98,"column":61}},"type":"binary-expr","locations":[{"start":{"line":98,"column":8},"end":{"line":98,"column":20}},{"start":{"line":98,"column":20},"end":{"line":98,"column":61}}]},"6":{"loc":{"start":{"line":135,"column":4},"end":{"line":135,"column":null}},"type":"if","locations":[{"start":{"line":135,"column":4},"end":{"line":135,"column":null}},{"start":{},"end":{}}]},"7":{"loc":{"start":{"line":144,"column":4},"end":{"line":146,"column":null}},"type":"if","locations":[{"start":{"line":144,"column":4},"end":{"line":146,"column":null}},{"start":{},"end":{}}]},"8":{"loc":{"start":{"line":144,"column":8},"end":{"line":144,"column":61}},"type":"binary-expr","locations":[{"start":{"line":144,"column":8},"end":{"line":144,"column":20}},{"start":{"line":144,"column":20},"end":{"line":144,"column":61}}]}},"s":{"0":0,"1":0,"2":0,"3":0,"4":0,"5":0,"6":0,"7":0,"8":0,"9":0,"10":0,"11":0,"12":0,"13":0,"14":0,"15":0,"16":0,"17":0,"18":0,"19":0,"20":0,"21":0,"22":0,"23":0,"24":0,"25":0,"26":0,"27":0,"28":0,"29":0,"30":0,"31":0,"32":0,"33":0,"34":0},"f":{"0":0,"1":0,"2":0},"b":{"0":[0,0],"1":[0,0],"2":[0,0],"3":[0,0],"4":[0,0],"5":[0,0],"6":[0,0],"7":[0,0],"8":[0,0]}}
,"D:\\Work\\2025\\10-nextjs\\my-saas-platform\\app\\api\\projects\\[projectId]\\api-keys\\route.ts": {"path":"D:\\Work\\2025\\10-nextjs\\my-saas-platform\\app\\api\\projects\\[projectId]\\api-keys\\route.ts","statementMap":{"0":{"start":{"line":124,"column":13},"end":{"line":124,"column":19}},"1":{"start":{"line":52,"column":13},"end":{"line":52,"column":20}},"2":{"start":{"line":1,"column":23},"end":{"line":1,"column":null}},"3":{"start":{"line":2,"column":74},"end":{"line":2,"column":null}},"4":{"start":{"line":3,"column":29},"end":{"line":3,"column":null}},"5":{"start":{"line":4,"column":31},"end":{"line":4,"column":null}},"6":{"start":{"line":5,"column":35},"end":{"line":5,"column":null}},"7":{"start":{"line":52,"column":20},"end":{"line":85,"column":null}},"8":{"start":{"line":53,"column":19},"end":{"line":53,"column":null}},"9":{"start":{"line":54,"column":4},"end":{"line":54,"column":null}},"10":{"start":{"line":54,"column":17},"end":{"line":54,"column":null}},"11":{"start":{"line":56,"column":26},"end":{"line":56,"column":null}},"12":{"start":{"line":58,"column":20},"end":{"line":58,"column":null}},"13":{"start":{"line":59,"column":4},"end":{"line":61,"column":null}},"14":{"start":{"line":60,"column":8},"end":{"line":60,"column":null}},"15":{"start":{"line":63,"column":19},"end":{"line":63,"column":null}},"16":{"start":{"line":64,"column":22},"end":{"line":64,"column":null}},"17":{"start":{"line":65,"column":19},"end":{"line":65,"column":null}},"18":{"start":{"line":67,"column":19},"end":{"line":75,"column":null}},"19":{"start":{"line":78,"column":4},"end":{"line":84,"column":null}},"20":{"start":{"line":124,"column":19},"end":{"line":145,"column":null}},"21":{"start":{"line":125,"column":17},"end":{"line":125,"column":null}},"22":{"start":{"line":126,"column":2},"end":{"line":126,"column":null}},"23":{"start":{"line":126,"column":15},"end":{"line":126,"column":null}},"24":{"start":{"line":128,"column":24},"end":{"line":128,"column":null}},"25":{"start":{"line":130,"column":18},"end":{"line":130,"column":null}},"26":{"start":{"line":131,"column":2},"end":{"line":133,"column":null}},"27":{"start":{"line":132,"column":4},"end":{"line":132,"column":null}},"28":{"start":{"line":135,"column":15},"end":{"line":142,"column":null}},"29":{"start":{"line":135,"column":48},"end":{"line":142,"column":null}},"30":{"start":{"line":144,"column":2},"end":{"line":144,"column":null}}},"fnMap":{"0":{"name":"(anonymous_3)","decl":{"start":{"line":52,"column":55},"end":{"line":52,"column":62}},"loc":{"start":{"line":52,"column":130},"end":{"line":85,"column":null}}},"1":{"name":"(anonymous_4)","decl":{"start":{"line":124,"column":19},"end":{"line":124,"column":26}},"loc":{"start":{"line":124,"column":94},"end":{"line":145,"column":null}}},"2":{"name":"(anonymous_5)","decl":{"start":{"line":135,"column":35},"end":{"line":135,"column":36}},"loc":{"start":{"line":135,"column":48},"end":{"line":142,"column":null}}}},"branchMap":{"0":{"loc":{"start":{"line":54,"column":4},"end":{"line":54,"column":null}},"type":"if","locations":[{"start":{"line":54,"column":4},"end":{"line":54,"column":null}},{"start":{},"end":{}}]},"1":{"loc":{"start":{"line":59,"column":4},"end":{"line":61,"column":null}},"type":"if","locations":[{"start":{"line":59,"column":4},"end":{"line":61,"column":null}},{"start":{},"end":{}}]},"2":{"loc":{"start":{"line":59,"column":8},"end":{"line":59,"column":61}},"type":"binary-expr","locations":[{"start":{"line":59,"column":8},"end":{"line":59,"column":20}},{"start":{"line":59,"column":20},"end":{"line":59,"column":61}}]},"3":{"loc":{"start":{"line":126,"column":2},"end":{"line":126,"column":null}},"type":"if","locations":[{"start":{"line":126,"column":2},"end":{"line":126,"column":null}},{"start":{},"end":{}}]},"4":{"loc":{"start":{"line":131,"column":2},"end":{"line":133,"column":null}},"type":"if","locations":[{"start":{"line":131,"column":2},"end":{"line":133,"column":null}},{"start":{},"end":{}}]},"5":{"loc":{"start":{"line":131,"column":6},"end":{"line":131,"column":59}},"type":"binary-expr","locations":[{"start":{"line":131,"column":6},"end":{"line":131,"column":18}},{"start":{"line":131,"column":18},"end":{"line":131,"column":59}}]}},"s":{"0":0,"1":0,"2":0,"3":0,"4":0,"5":0,"6":0,"7":0,"8":0,"9":0,"10":0,"11":0,"12":0,"13":0,"14":0,"15":0,"16":0,"17":0,"18":0,"19":0,"20":0,"21":0,"22":0,"23":0,"24":0,"25":0,"26":0,"27":0,"28":0,"29":0,"30":0},"f":{"0":0,"1":0,"2":0},"b":{"0":[0,0],"1":[0,0],"2":[0,0],"3":[0,0],"4":[0,0],"5":[0,0]}}
,"D:\\Work\\2025\\10-nextjs\\my-saas-platform\\app\\api\\projects\\[projectId]\\api-keys\\[apiKeyId]\\revoke\\route.ts": {"path":"D:\\Work\\2025\\10-nextjs\\my-saas-platform\\app\\api\\projects\\[projectId]\\api-keys\\[apiKeyId]\\revoke\\route.ts","statementMap":{"0":{"start":{"line":35,"column":13},"end":{"line":35,"column":22}},"1":{"start":{"line":1,"column":23},"end":{"line":1,"column":null}},"2":{"start":{"line":2,"column":29},"end":{"line":2,"column":null}},"3":{"start":{"line":35,"column":22},"end":{"line":56,"column":null}},"4":{"start":{"line":36,"column":17},"end":{"line":36,"column":null}},"5":{"start":{"line":37,"column":2},"end":{"line":37,"column":null}},"6":{"start":{"line":37,"column":15},"end":{"line":37,"column":null}},"7":{"start":{"line":39,"column":34},"end":{"line":39,"column":null}},"8":{"start":{"line":41,"column":18},"end":{"line":44,"column":null}},"9":{"start":{"line":46,"column":2},"end":{"line":48,"column":null}},"10":{"start":{"line":47,"column":4},"end":{"line":47,"column":null}},"11":{"start":{"line":50,"column":2},"end":{"line":53,"column":null}},"12":{"start":{"line":55,"column":2},"end":{"line":55,"column":null}}},"fnMap":{"0":{"name":"(anonymous_1)","decl":{"start":{"line":35,"column":22},"end":{"line":35,"column":29}},"loc":{"start":{"line":35,"column":115},"end":{"line":56,"column":null}}}},"branchMap":{"0":{"loc":{"start":{"line":37,"column":2},"end":{"line":37,"column":null}},"type":"if","locations":[{"start":{"line":37,"column":2},"end":{"line":37,"column":null}},{"start":{},"end":{}}]},"1":{"loc":{"start":{"line":46,"column":2},"end":{"line":48,"column":null}},"type":"if","locations":[{"start":{"line":46,"column":2},"end":{"line":48,"column":null}},{"start":{},"end":{}}]},"2":{"loc":{"start":{"line":46,"column":6},"end":{"line":46,"column":59}},"type":"binary-expr","locations":[{"start":{"line":46,"column":6},"end":{"line":46,"column":18}},{"start":{"line":46,"column":18},"end":{"line":46,"column":59}}]}},"s":{"0":0,"1":0,"2":0,"3":0,"4":0,"5":0,"6":0,"7":0,"8":0,"9":0,"10":0,"11":0,"12":0},"f":{"0":0},"b":{"0":[0,0],"1":[0,0],"2":[0,0]}}
,"D:\\Work\\2025\\10-nextjs\\my-saas-platform\\app\\api\\projects\\[projectId]\\api-keys\\[apiKeyId]\\rotate\\route.ts": {"path":"D:\\Work\\2025\\10-nextjs\\my-saas-platform\\app\\api\\projects\\[projectId]\\api-keys\\[apiKeyId]\\rotate\\route.ts","statementMap":{"0":{"start":{"line":40,"column":13},"end":{"line":40,"column":19}},"1":{"start":{"line":1,"column":23},"end":{"line":1,"column":null}},"2":{"start":{"line":2,"column":65},"end":{"line":2,"column":null}},"3":{"start":{"line":3,"column":29},"end":{"line":3,"column":null}},"4":{"start":{"line":40,"column":19},"end":{"line":79,"column":null}},"5":{"start":{"line":41,"column":17},"end":{"line":41,"column":null}},"6":{"start":{"line":42,"column":2},"end":{"line":42,"column":null}},"7":{"start":{"line":42,"column":15},"end":{"line":42,"column":null}},"8":{"start":{"line":44,"column":34},"end":{"line":44,"column":null}},"9":{"start":{"line":46,"column":18},"end":{"line":49,"column":null}},"10":{"start":{"line":51,"column":2},"end":{"line":53,"column":null}},"11":{"start":{"line":52,"column":4},"end":{"line":52,"column":null}},"12":{"start":{"line":55,"column":17},"end":{"line":55,"column":null}},"13":{"start":{"line":56,"column":2},"end":{"line":58,"column":null}},"14":{"start":{"line":57,"column":4},"end":{"line":57,"column":null}},"15":{"start":{"line":60,"column":17},"end":{"line":60,"column":null}},"16":{"start":{"line":61,"column":20},"end":{"line":61,"column":null}},"17":{"start":{"line":62,"column":17},"end":{"line":62,"column":null}},"18":{"start":{"line":64,"column":2},"end":{"line":72,"column":null}},"19":{"start":{"line":74,"column":2},"end":{"line":78,"column":null}}},"fnMap":{"0":{"name":"(anonymous_1)","decl":{"start":{"line":40,"column":19},"end":{"line":40,"column":26}},"loc":{"start":{"line":40,"column":112},"end":{"line":79,"column":null}}}},"branchMap":{"0":{"loc":{"start":{"line":42,"column":2},"end":{"line":42,"column":null}},"type":"if","locations":[{"start":{"line":42,"column":2},"end":{"line":42,"column":null}},{"start":{},"end":{}}]},"1":{"loc":{"start":{"line":51,"column":2},"end":{"line":53,"column":null}},"type":"if","locations":[{"start":{"line":51,"column":2},"end":{"line":53,"column":null}},{"start":{},"end":{}}]},"2":{"loc":{"start":{"line":51,"column":6},"end":{"line":51,"column":59}},"type":"binary-expr","locations":[{"start":{"line":51,"column":6},"end":{"line":51,"column":18}},{"start":{"line":51,"column":18},"end":{"line":51,"column":59}}]},"3":{"loc":{"start":{"line":56,"column":2},"end":{"line":58,"column":null}},"type":"if","locations":[{"start":{"line":56,"column":2},"end":{"line":58,"column":null}},{"start":{},"end":{}}]},"4":{"loc":{"start":{"line":56,"column":6},"end":{"line":56,"column":31}},"type":"binary-expr","locations":[{"start":{"line":56,"column":6},"end":{"line":56,"column":17}},{"start":{"line":56,"column":17},"end":{"line":56,"column":31}}]}},"s":{"0":0,"1":0,"2":0,"3":0,"4":0,"5":0,"6":0,"7":0,"8":0,"9":0,"10":0,"11":0,"12":0,"13":0,"14":0,"15":0,"16":0,"17":0,"18":0,"19":0},"f":{"0":0},"b":{"0":[0,0],"1":[0,0],"2":[0,0],"3":[0,0],"4":[0,0]}}
,"D:\\Work\\2025\\10-nextjs\\my-saas-platform\\app\\api\\projects\\[projectId]\\events\\route.ts": {"path":"D:\\Work\\2025\\10-nextjs\\my-saas-platform\\app\\api\\projects\\[projectId]\\events\\route.ts","statementMap":{"0":{"start":{"line":74,"column":22},"end":{"line":74,"column":26}},"1":{"start":{"line":2,"column":23},"end":{"line":2,"column":null}},"2":{"start":{"line":3,"column":29},"end":{"line":3,"column":null}},"3":{"start":{"line":75,"column":2},"end":{"line":110,"column":null}},"4":{"start":{"line":76,"column":26},"end":{"line":76,"column":null}},"5":{"start":{"line":77,"column":19},"end":{"line":77,"column":null}},"6":{"start":{"line":78,"column":4},"end":{"line":78,"column":null}},"7":{"start":{"line":78,"column":17},"end":{"line":78,"column":null}},"8":{"start":{"line":80,"column":29},"end":{"line":80,"column":null}},"9":{"start":{"line":81,"column":18},"end":{"line":81,"column":null}},"10":{"start":{"line":82,"column":19},"end":{"line":82,"column":null}},"11":{"start":{"line":84,"column":20},"end":{"line":87,"column":null}},"12":{"start":{"line":89,"column":4},"end":{"line":91,"column":null}},"13":{"start":{"line":90,"column":6},"end":{"line":90,"column":null}},"14":{"start":{"line":93,"column":19},"end":{"line":98,"column":null}},"15":{"start":{"line":100,"column":36},"end":{"line":100,"column":null}},"16":{"start":{"line":101,"column":4},"end":{"line":104,"column":null}},"17":{"start":{"line":102,"column":23},"end":{"line":102,"column":null}},"18":{"start":{"line":103,"column":6},"end":{"line":103,"column":null}},"19":{"start":{"line":106,"column":4},"end":{"line":106,"column":null}},"20":{"start":{"line":108,"column":4},"end":{"line":108,"column":null}},"21":{"start":{"line":109,"column":4},"end":{"line":109,"column":null}}},"fnMap":{"0":{"name":"GET","decl":{"start":{"line":74,"column":22},"end":{"line":74,"column":26}},"loc":{"start":{"line":74,"column":98},"end":{"line":111,"column":null}}}},"branchMap":{"0":{"loc":{"start":{"line":78,"column":4},"end":{"line":78,"column":null}},"type":"if","locations":[{"start":{"line":78,"column":4},"end":{"line":78,"column":null}},{"start":{},"end":{}}]},"1":{"loc":{"start":{"line":81,"column":36},"end":{"line":81,"column":71}},"type":"binary-expr","locations":[{"start":{"line":81,"column":36},"end":{"line":81,"column":65}},{"start":{"line":81,"column":65},"end":{"line":81,"column":71}}]},"2":{"loc":{"start":{"line":89,"column":4},"end":{"line":91,"column":null}},"type":"if","locations":[{"start":{"line":89,"column":4},"end":{"line":91,"column":null}},{"start":{},"end":{}}]},"3":{"loc":{"start":{"line":89,"column":8},"end":{"line":89,"column":61}},"type":"binary-expr","locations":[{"start":{"line":89,"column":8},"end":{"line":89,"column":20}},{"start":{"line":89,"column":20},"end":{"line":89,"column":61}}]},"4":{"loc":{"start":{"line":97,"column":10},"end":{"line":97,"column":59}},"type":"cond-expr","locations":[{"start":{"line":97,"column":19},"end":{"line":97,"column":57}},{"start":{"line":97,"column":57},"end":{"line":97,"column":59}}]},"5":{"loc":{"start":{"line":101,"column":4},"end":{"line":104,"column":null}},"type":"if","locations":[{"start":{"line":101,"column":4},"end":{"line":104,"column":null}},{"start":{},"end":{}}]},"6":{"loc":{"start":{"line":103,"column":19},"end":{"line":103,"column":null}},"type":"binary-expr","locations":[{"start":{"line":103,"column":19},"end":{"line":103,"column":35}},{"start":{"line":103,"column":35},"end":{"line":103,"column":null}}]}},"s":{"0":0,"1":0,"2":0,"3":0,"4":0,"5":0,"6":0,"7":0,"8":0,"9":0,"10":0,"11":0,"12":0,"13":0,"14":0,"15":0,"16":0,"17":0,"18":0,"19":0,"20":0,"21":0},"f":{"0":0},"b":{"0":[0,0],"1":[0,0],"2":[0,0],"3":[0,0],"4":[0,0],"5":[0,0],"6":[0,0]}}
,"D:\\Work\\2025\\10-nextjs\\my-saas-platform\\app\\api\\token-exchange\\route.ts": {"path":"D:\\Work\\2025\\10-nextjs\\my-saas-platform\\app\\api\\token-exchange\\route.ts","statementMap":{"0":{"start":{"line":11,"column":22},"end":{"line":11,"column":27}},"1":{"start":{"line":3,"column":29},"end":{"line":3,"column":null}},"2":{"start":{"line":4,"column":23},"end":{"line":4,"column":null}},"3":{"start":{"line":5,"column":57},"end":{"line":5,"column":null}},"4":{"start":{"line":7,"column":20},"end":{"line":7,"column":null}},"5":{"start":{"line":12,"column":2},"end":{"line":42,"column":null}},"6":{"start":{"line":13,"column":23},"end":{"line":13,"column":null}},"7":{"start":{"line":14,"column":4},"end":{"line":14,"column":null}},"8":{"start":{"line":14,"column":57},"end":{"line":14,"column":null}},"9":{"start":{"line":17,"column":30},"end":{"line":17,"column":null}},"10":{"start":{"line":18,"column":24},"end":{"line":18,"column":null}},"11":{"start":{"line":20,"column":29},"end":{"line":20,"column":null}},"12":{"start":{"line":24,"column":18},"end":{"line":27,"column":null}},"13":{"start":{"line":29,"column":4},"end":{"line":29,"column":null}},"14":{"start":{"line":29,"column":16},"end":{"line":29,"column":null}},"15":{"start":{"line":32,"column":18},"end":{"line":32,"column":null}},"16":{"start":{"line":33,"column":4},"end":{"line":33,"column":null}},"17":{"start":{"line":33,"column":16},"end":{"line":33,"column":null}},"18":{"start":{"line":36,"column":18},"end":{"line":36,"column":null}},"19":{"start":{"line":38,"column":4},"end":{"line":38,"column":null}},"20":{"start":{"line":40,"column":4},"end":{"line":40,"column":null}},"21":{"start":{"line":41,"column":4},"end":{"line":41,"column":null}}},"fnMap":{"0":{"name":"POST","decl":{"start":{"line":11,"column":22},"end":{"line":11,"column":27}},"loc":{"start":{"line":11,"column":39},"end":{"line":43,"column":null}}}},"branchMap":{"0":{"loc":{"start":{"line":14,"column":4},"end":{"line":14,"column":null}},"type":"if","locations":[{"start":{"line":14,"column":4},"end":{"line":14,"column":null}},{"start":{},"end":{}}]},"1":{"loc":{"start":{"line":14,"column":8},"end":{"line":14,"column":57}},"type":"binary-expr","locations":[{"start":{"line":14,"column":8},"end":{"line":14,"column":23}},{"start":{"line":14,"column":23},"end":{"line":14,"column":57}}]},"2":{"loc":{"start":{"line":29,"column":4},"end":{"line":29,"column":null}},"type":"if","locations":[{"start":{"line":29,"column":4},"end":{"line":29,"column":null}},{"start":{},"end":{}}]},"3":{"loc":{"start":{"line":33,"column":4},"end":{"line":33,"column":null}},"type":"if","locations":[{"start":{"line":33,"column":4},"end":{"line":33,"column":null}},{"start":{},"end":{}}]}},"s":{"0":0,"1":0,"2":0,"3":0,"4":0,"5":0,"6":0,"7":0,"8":0,"9":0,"10":0,"11":0,"12":0,"13":0,"14":0,"15":0,"16":0,"17":0,"18":0,"19":0,"20":0,"21":0},"f":{"0":0},"b":{"0":[0,0],"1":[0,0],"2":[0,0],"3":[0,0]}}
,"D:\\Work\\2025\\10-nextjs\\my-saas-platform\\app\\api\\track\\route.ts": {"path":"D:\\Work\\2025\\10-nextjs\\my-saas-platform\\app\\api\\track\\route.ts","statementMap":{"0":{"start":{"line":19,"column":14},"end":{"line":19,"column":21}},"1":{"start":{"line":1,"column":38},"end":{"line":1,"column":null}},"2":{"start":{"line":2,"column":23},"end":{"line":2,"column":null}},"3":{"start":{"line":4,"column":42},"end":{"line":4,"column":null}},"4":{"start":{"line":6,"column":22},"end":{"line":6,"column":null}},"5":{"start":{"line":7,"column":23},"end":{"line":7,"column":null}},"6":{"start":{"line":8,"column":19},"end":{"line":8,"column":23}},"7":{"start":{"line":9,"column":66},"end":{"line":9,"column":null}},"8":{"start":{"line":10,"column":15},"end":{"line":10,"column":null}},"9":{"start":{"line":19,"column":21},"end":{"line":97,"column":null}},"10":{"start":{"line":21,"column":23},"end":{"line":21,"column":55}},"11":{"start":{"line":23,"column":4},"end":{"line":25,"column":null}},"12":{"start":{"line":24,"column":8},"end":{"line":24,"column":null}},"13":{"start":{"line":27,"column":18},"end":{"line":27,"column":42}},"14":{"start":{"line":30,"column":19},"end":{"line":30,"column":49}},"15":{"start":{"line":31,"column":20},"end":{"line":31,"column":51}},"16":{"start":{"line":32,"column":29},"end":{"line":32,"column":null}},"17":{"start":{"line":35,"column":4},"end":{"line":96,"column":null}},"18":{"start":{"line":36,"column":33},"end":{"line":36,"column":null}},"19":{"start":{"line":37,"column":27},"end":{"line":37,"column":null}},"20":{"start":{"line":38,"column":24},"end":{"line":38,"column":null}},"21":{"start":{"line":39,"column":22},"end":{"line":39,"column":31}},"22":{"start":{"line":41,"column":26},"end":{"line":44,"column":null}},"23":{"start":{"line":46,"column":8},"end":{"line":48,"column":null}},"24":{"start":{"line":47,"column":12},"end":{"line":47,"column":null}},"25":{"start":{"line":50,"column":22},"end":{"line":50,"column":null}},"26":{"start":{"line":51,"column":8},"end":{"line":53,"column":null}},"27":{"start":{"line":52,"column":12},"end":{"line":52,"column":null}},"28":{"start":{"line":56,"column":28},"end":{"line":56,"column":null}},"29":{"start":{"line":57,"column":31},"end":{"line":57,"column":null}},"30":{"start":{"line":57,"column":63},"end":{"line":57,"column":null}},"31":{"start":{"line":58,"column":26},"end":{"line":58,"column":null}},"32":{"start":{"line":60,"column":8},"end":{"line":63,"column":null}},"33":{"start":{"line":61,"column":12},"end":{"line":61,"column":null}},"34":{"start":{"line":62,"column":12},"end":{"line":62,"column":null}},"35":{"start":{"line":66,"column":19},"end":{"line":66,"column":null}},"36":{"start":{"line":67,"column":20},"end":{"line":67,"column":null}},"37":{"start":{"line":68,"column":8},"end":{"line":72,"column":null}},"38":{"start":{"line":69,"column":12},"end":{"line":69,"column":null}},"39":{"start":{"line":71,"column":12},"end":{"line":71,"column":null}},"40":{"start":{"line":73,"column":8},"end":{"line":75,"column":null}},"41":{"start":{"line":74,"column":12},"end":{"line":74,"column":null}},"42":{"start":{"line":78,"column":21},"end":{"line":78,"column":33}},"43":{"start":{"line":79,"column":8},"end":{"line":81,"column":null}},"44":{"start":{"line":80,"column":12},"end":{"line":80,"column":null}},"45":{"start":{"line":84,"column":8},"end":{"line":90,"column":null}},"46":{"start":{"line":92,"column":9},"end":{"line":92,"column":null}},"47":{"start":{"line":95,"column":8},"end":{"line":95,"column":null}}},"fnMap":{"0":{"name":"(anonymous_1)","decl":{"start":{"line":19,"column":21},"end":{"line":19,"column":28}},"loc":{"start":{"line":19,"column":28},"end":{"line":97,"column":null}}},"1":{"name":"(anonymous_2)","decl":{"start":{"line":57,"column":58},"end":{"line":57,"column":63}},"loc":{"start":{"line":57,"column":63},"end":{"line":57,"column":null}}}},"branchMap":{"0":{"loc":{"start":{"line":23,"column":4},"end":{"line":25,"column":null}},"type":"if","locations":[{"start":{"line":23,"column":4},"end":{"line":25,"column":null}},{"start":{},"end":{}}]},"1":{"loc":{"start":{"line":23,"column":8},"end":{"line":23,"column":58}},"type":"binary-expr","locations":[{"start":{"line":23,"column":8},"end":{"line":23,"column":23}},{"start":{"line":23,"column":23},"end":{"line":23,"column":58}}]},"2":{"loc":{"start":{"line":32,"column":29},"end":{"line":32,"column":null}},"type":"binary-expr","locations":[{"start":{"line":32,"column":29},"end":{"line":32,"column":39}},{"start":{"line":32,"column":39},"end":{"line":32,"column":50}},{"start":{"line":32,"column":50},"end":{"line":32,"column":null}}]},"3":{"loc":{"start":{"line":46,"column":8},"end":{"line":48,"column":null}},"type":"if","locations":[{"start":{"line":46,"column":8},"end":{"line":48,"column":null}},{"start":{},"end":{}}]},"4":{"loc":{"start":{"line":51,"column":8},"end":{"line":53,"column":null}},"type":"if","locations":[{"start":{"line":51,"column":8},"end":{"line":53,"column":null}},{"start":{},"end":{}}]},"5":{"loc":{"start":{"line":58,"column":26},"end":{"line":58,"column":null}},"type":"binary-expr","locations":[{"start":{"line":58,"column":26},"end":{"line":58,"column":58}},{"start":{"line":58,"column":58},"end":{"line":58,"column":null}}]},"6":{"loc":{"start":{"line":60,"column":8},"end":{"line":63,"column":null}},"type":"if","locations":[{"start":{"line":60,"column":8},"end":{"line":63,"column":null}},{"start":{},"end":{}}]},"7":{"loc":{"start":{"line":66,"column":19},"end":{"line":66,"column":null}},"type":"binary-expr","locations":[{"start":{"line":66,"column":19},"end":{"line":66,"column":53}},{"start":{"line":66,"column":57},"end":{"line":66,"column":85}},{"start":{"line":66,"column":89},"end":{"line":66,"column":null}}]},"8":{"loc":{"start":{"line":68,"column":8},"end":{"line":72,"column":null}},"type":"if","locations":[{"start":{"line":68,"column":8},"end":{"line":72,"column":null}},{"start":{"line":70,"column":15},"end":{"line":72,"column":null}}]},"9":{"loc":{"start":{"line":68,"column":12},"end":{"line":68,"column":83}},"type":"binary-expr","locations":[{"start":{"line":68,"column":12},"end":{"line":68,"column":35}},{"start":{"line":68,"column":39},"end":{"line":68,"column":83}}]},"10":{"loc":{"start":{"line":73,"column":8},"end":{"line":75,"column":null}},"type":"if","locations":[{"start":{"line":73,"column":8},"end":{"line":75,"column":null}},{"start":{},"end":{}}]},"11":{"loc":{"start":{"line":79,"column":8},"end":{"line":81,"column":null}},"type":"if","locations":[{"start":{"line":79,"column":8},"end":{"line":81,"column":null}},{"start":{},"end":{}}]},"12":{"loc":{"start":{"line":79,"column":12},"end":{"line":79,"column":61}},"type":"binary-expr","locations":[{"start":{"line":79,"column":12},"end":{"line":79,"column":22}},{"start":{"line":79,"column":26},"end":{"line":79,"column":61}}]}},"s":{"0":0,"1":0,"2":0,"3":0,"4":0,"5":0,"6":0,"7":0,"8":0,"9":0,"10":0,"11":0,"12":0,"13":0,"14":0,"15":0,"16":0,"17":0,"18":0,"19":0,"20":0,"21":0,"22":0,"23":0,"24":0,"25":0,"26":0,"27":0,"28":0,"29":0,"30":0,"31":0,"32":0,"33":0,"34":0,"35":0,"36":0,"37":0,"38":0,"39":0,"40":0,"41":0,"42":0,"43":0,"44":0,"45":0,"46":0,"47":0},"f":{"0":0,"1":0},"b":{"0":[0,0],"1":[0,0],"2":[0,0,0],"3":[0,0],"4":[0,0],"5":[0,0],"6":[0,0],"7":[0,0,0],"8":[0,0],"9":[0,0],"10":[0,0],"11":[0,0],"12":[0,0]}}
,"D:\\Work\\2025\\10-nextjs\\my-saas-platform\\app\\api\\webhook\\route.ts": {"path":"D:\\Work\\2025\\10-nextjs\\my-saas-platform\\app\\api\\webhook\\route.ts","statementMap":{"0":{"start":{"line":11,"column":22},"end":{"line":11,"column":27}},"1":{"start":{"line":1,"column":34},"end":{"line":1,"column":null}},"2":{"start":{"line":2,"column":42},"end":{"line":2,"column":null}},"3":{"start":{"line":6,"column":20},"end":{"line":6,"column":null}},"4":{"start":{"line":7,"column":4},"end":{"line":7,"column":null}},"5":{"start":{"line":12,"column":31},"end":{"line":12,"column":61}},"6":{"start":{"line":13,"column":29},"end":{"line":13,"column":null}},"7":{"start":{"line":16,"column":26},"end":{"line":16,"column":null}},"8":{"start":{"line":19,"column":28},"end":{"line":19,"column":null}},"9":{"start":{"line":21,"column":4},"end":{"line":23,"column":null}},"10":{"start":{"line":22,"column":8},"end":{"line":22,"column":null}},"11":{"start":{"line":26,"column":4},"end":{"line":42,"column":null}},"12":{"start":{"line":30,"column":29},"end":{"line":30,"column":null}},"13":{"start":{"line":33,"column":8},"end":{"line":33,"column":null}},"14":{"start":{"line":37,"column":8},"end":{"line":37,"column":null}},"15":{"start":{"line":40,"column":8},"end":{"line":40,"column":null}},"16":{"start":{"line":41,"column":8},"end":{"line":41,"column":null}}},"fnMap":{"0":{"name":"getRawBodyBuffer","decl":{"start":{"line":4,"column":15},"end":{"line":4,"column":32}},"loc":{"start":{"line":4,"column":52},"end":{"line":8,"column":null}}},"1":{"name":"POST","decl":{"start":{"line":11,"column":22},"end":{"line":11,"column":27}},"loc":{"start":{"line":11,"column":47},"end":{"line":43,"column":null}}}},"branchMap":{"0":{"loc":{"start":{"line":21,"column":4},"end":{"line":23,"column":null}},"type":"if","locations":[{"start":{"line":21,"column":4},"end":{"line":23,"column":null}},{"start":{},"end":{}}]},"1":{"loc":{"start":{"line":21,"column":8},"end":{"line":21,"column":49}},"type":"binary-expr","locations":[{"start":{"line":21,"column":8},"end":{"line":21,"column":31}},{"start":{"line":21,"column":31},"end":{"line":21,"column":49}}]},"2":{"loc":{"start":{"line":26,"column":4},"end":{"line":42,"column":null}},"type":"if","locations":[{"start":{"line":26,"column":4},"end":{"line":42,"column":null}},{"start":{"line":38,"column":11},"end":{"line":42,"column":null}}]}},"s":{"0":0,"1":0,"2":0,"3":0,"4":0,"5":0,"6":0,"7":0,"8":0,"9":0,"10":0,"11":0,"12":0,"13":0,"14":0,"15":0,"16":0},"f":{"0":0,"1":0},"b":{"0":[0,0],"1":[0,0],"2":[0,0]}}
,"D:\\Work\\2025\\10-nextjs\\my-saas-platform\\app\\auth\\login\\page.tsx": {"path":"D:\\Work\\2025\\10-nextjs\\my-saas-platform\\app\\auth\\login\\page.tsx","statementMap":{"0":{"start":{"line":9,"column":24},"end":{"line":9,"column":null}},"1":{"start":{"line":4,"column":25},"end":{"line":4,"column":null}},"2":{"start":{"line":5,"column":24},"end":{"line":5,"column":null}},"3":{"start":{"line":6,"column":17},"end":{"line":6,"column":null}},"4":{"start":{"line":7,"column":26},"end":{"line":7,"column":null}},"5":{"start":{"line":10,"column":28},"end":{"line":10,"column":null}},"6":{"start":{"line":11,"column":34},"end":{"line":11,"column":null}},"7":{"start":{"line":12,"column":28},"end":{"line":12,"column":null}},"8":{"start":{"line":13,"column":31},"end":{"line":13,"column":null}},"9":{"start":{"line":14,"column":17},"end":{"line":14,"column":null}},"10":{"start":{"line":16,"column":23},"end":{"line":27,"column":null}},"11":{"start":{"line":17,"column":4},"end":{"line":17,"column":null}},"12":{"start":{"line":18,"column":4},"end":{"line":18,"column":null}},"13":{"start":{"line":20,"column":4},"end":{"line":26,"column":null}},"14":{"start":{"line":21,"column":6},"end":{"line":21,"column":null}},"15":{"start":{"line":23,"column":6},"end":{"line":23,"column":null}},"16":{"start":{"line":25,"column":6},"end":{"line":25,"column":null}},"17":{"start":{"line":40,"column":31},"end":{"line":40,"column":null}},"18":{"start":{"line":52,"column":31},"end":{"line":52,"column":null}}},"fnMap":{"0":{"name":"LoginPage","decl":{"start":{"line":9,"column":24},"end":{"line":9,"column":null}},"loc":{"start":{"line":9,"column":24},"end":{"line":78,"column":null}}},"1":{"name":"(anonymous_3)","decl":{"start":{"line":16,"column":23},"end":{"line":16,"column":30}},"loc":{"start":{"line":16,"column":30},"end":{"line":27,"column":null}}},"2":{"name":"(anonymous_4)","decl":{"start":{"line":40,"column":24},"end":{"line":40,"column":25}},"loc":{"start":{"line":40,"column":31},"end":{"line":40,"column":null}}},"3":{"name":"(anonymous_5)","decl":{"start":{"line":52,"column":24},"end":{"line":52,"column":25}},"loc":{"start":{"line":52,"column":31},"end":{"line":52,"column":null}}}},"branchMap":{"0":{"loc":{"start":{"line":25,"column":15},"end":{"line":25,"column":null}},"type":"binary-expr","locations":[{"start":{"line":25,"column":15},"end":{"line":25,"column":37}},{"start":{"line":25,"column":41},"end":{"line":25,"column":null}}]},"1":{"loc":{"start":{"line":58,"column":11},"end":{"line":58,"column":null}},"type":"binary-expr","locations":[{"start":{"line":58,"column":11},"end":{"line":58,"column":null}}]},"2":{"loc":{"start":{"line":66,"column":13},"end":{"line":66,"column":null}},"type":"cond-expr","locations":[{"start":{"line":66,"column":25},"end":{"line":66,"column":43}},{"start":{"line":66,"column":43},"end":{"line":66,"column":null}}]}},"s":{"0":0,"1":0,"2":0,"3":0,"4":0,"5":0,"6":0,"7":0,"8":0,"9":0,"10":0,"11":0,"12":0,"13":0,"14":0,"15":0,"16":0,"17":0,"18":0},"f":{"0":0,"1":0,"2":0,"3":0},"b":{"0":[0,0],"1":[0],"2":[0,0]}}
,"D:\\Work\\2025\\10-nextjs\\my-saas-platform\\app\\auth\\register\\page.tsx": {"path":"D:\\Work\\2025\\10-nextjs\\my-saas-platform\\app\\auth\\register\\page.tsx","statementMap":{"0":{"start":{"line":9,"column":24},"end":{"line":9,"column":null}},"1":{"start":{"line":4,"column":25},"end":{"line":4,"column":null}},"2":{"start":{"line":5,"column":24},"end":{"line":5,"column":null}},"3":{"start":{"line":6,"column":17},"end":{"line":6,"column":null}},"4":{"start":{"line":7,"column":26},"end":{"line":7,"column":null}},"5":{"start":{"line":11,"column":28},"end":{"line":11,"column":null}},"6":{"start":{"line":12,"column":30},"end":{"line":12,"column":null}},"7":{"start":{"line":13,"column":36},"end":{"line":13,"column":null}},"8":{"start":{"line":14,"column":50},"end":{"line":14,"column":null}},"9":{"start":{"line":16,"column":30},"end":{"line":16,"column":null}},"10":{"start":{"line":17,"column":34},"end":{"line":17,"column":null}},"11":{"start":{"line":18,"column":36},"end":{"line":18,"column":null}},"12":{"start":{"line":19,"column":19},"end":{"line":19,"column":null}},"13":{"start":{"line":21,"column":25},"end":{"line":47,"column":null}},"14":{"start":{"line":22,"column":8},"end":{"line":22,"column":null}},"15":{"start":{"line":23,"column":8},"end":{"line":23,"column":null}},"16":{"start":{"line":24,"column":8},"end":{"line":24,"column":null}},"17":{"start":{"line":27,"column":8},"end":{"line":30,"column":null}},"18":{"start":{"line":28,"column":12},"end":{"line":28,"column":null}},"19":{"start":{"line":29,"column":12},"end":{"line":29,"column":null}},"20":{"start":{"line":32,"column":8},"end":{"line":46,"column":null}},"21":{"start":{"line":34,"column":12},"end":{"line":34,"column":null}},"22":{"start":{"line":37,"column":12},"end":{"line":37,"column":null}},"23":{"start":{"line":40,"column":12},"end":{"line":42,"column":null}},"24":{"start":{"line":41,"column":16},"end":{"line":41,"column":44}},"25":{"start":{"line":45,"column":12},"end":{"line":45,"column":null}},"26":{"start":{"line":69,"column":45},"end":{"line":69,"column":null}},"27":{"start":{"line":83,"column":45},"end":{"line":83,"column":null}},"28":{"start":{"line":97,"column":45},"end":{"line":97,"column":null}},"29":{"start":{"line":111,"column":45},"end":{"line":111,"column":null}}},"fnMap":{"0":{"name":"RegisterPage","decl":{"start":{"line":9,"column":24},"end":{"line":9,"column":null}},"loc":{"start":{"line":9,"column":24},"end":{"line":135,"column":null}}},"1":{"name":"(anonymous_3)","decl":{"start":{"line":21,"column":25},"end":{"line":21,"column":32}},"loc":{"start":{"line":21,"column":32},"end":{"line":47,"column":null}}},"2":{"name":"(anonymous_4)","decl":{"start":{"line":40,"column":23},"end":{"line":40,"column":null}},"loc":{"start":{"line":40,"column":23},"end":{"line":42,"column":15}}},"3":{"name":"(anonymous_5)","decl":{"start":{"line":69,"column":38},"end":{"line":69,"column":39}},"loc":{"start":{"line":69,"column":45},"end":{"line":69,"column":null}}},"4":{"name":"(anonymous_6)","decl":{"start":{"line":83,"column":38},"end":{"line":83,"column":39}},"loc":{"start":{"line":83,"column":45},"end":{"line":83,"column":null}}},"5":{"name":"(anonymous_7)","decl":{"start":{"line":97,"column":38},"end":{"line":97,"column":39}},"loc":{"start":{"line":97,"column":45},"end":{"line":97,"column":null}}},"6":{"name":"(anonymous_8)","decl":{"start":{"line":111,"column":38},"end":{"line":111,"column":39}},"loc":{"start":{"line":111,"column":45},"end":{"line":111,"column":null}}}},"branchMap":{"0":{"loc":{"start":{"line":27,"column":8},"end":{"line":30,"column":null}},"type":"if","locations":[{"start":{"line":27,"column":8},"end":{"line":30,"column":null}},{"start":{},"end":{}}]},"1":{"loc":{"start":{"line":45,"column":21},"end":{"line":45,"column":null}},"type":"binary-expr","locations":[{"start":{"line":45,"column":21},"end":{"line":45,"column":43}},{"start":{"line":45,"column":47},"end":{"line":45,"column":null}}]},"2":{"loc":{"start":{"line":55,"column":21},"end":{"line":55,"column":null}},"type":"binary-expr","locations":[{"start":{"line":55,"column":21},"end":{"line":55,"column":null}}]},"3":{"loc":{"start":{"line":58,"column":21},"end":{"line":58,"column":null}},"type":"binary-expr","locations":[{"start":{"line":58,"column":21},"end":{"line":58,"column":null}}]},"4":{"loc":{"start":{"line":121,"column":34},"end":{"line":121,"column":null}},"type":"binary-expr","locations":[{"start":{"line":121,"column":34},"end":{"line":121,"column":47}},{"start":{"line":121,"column":47},"end":{"line":121,"column":null}}]},"5":{"loc":{"start":{"line":123,"column":25},"end":{"line":123,"column":null}},"type":"cond-expr","locations":[{"start":{"line":123,"column":37},"end":{"line":123,"column":56}},{"start":{"line":123,"column":56},"end":{"line":123,"column":null}}]}},"s":{"0":0,"1":0,"2":0,"3":0,"4":0,"5":0,"6":0,"7":0,"8":0,"9":0,"10":0,"11":0,"12":0,"13":0,"14":0,"15":0,"16":0,"17":0,"18":0,"19":0,"20":0,"21":0,"22":0,"23":0,"24":0,"25":0,"26":0,"27":0,"28":0,"29":0},"f":{"0":0,"1":0,"2":0,"3":0,"4":0,"5":0,"6":0},"b":{"0":[0,0],"1":[0,0],"2":[0],"3":[0],"4":[0,0],"5":[0,0]}}
,"D:\\Work\\2025\\10-nextjs\\my-saas-platform\\app\\docs\\page.tsx": {"path":"D:\\Work\\2025\\10-nextjs\\my-saas-platform\\app\\docs\\page.tsx","statementMap":{"0":{"start":{"line":7,"column":24},"end":{"line":7,"column":null}},"1":{"start":{"line":3,"column":22},"end":{"line":3,"column":null}},"2":{"start":{"line":4,"column":7},"end":{"line":4,"column":null}},"3":{"start":{"line":5,"column":36},"end":{"line":5,"column":null}},"4":{"start":{"line":8,"column":26},"end":{"line":8,"column":null}},"5":{"start":{"line":10,"column":2},"end":{"line":17,"column":null}},"6":{"start":{"line":12,"column":18},"end":{"line":12,"column":null}},"7":{"start":{"line":13,"column":19},"end":{"line":13,"column":null}},"8":{"start":{"line":14,"column":6},"end":{"line":14,"column":null}},"9":{"start":{"line":16,"column":4},"end":{"line":16,"column":null}},"10":{"start":{"line":19,"column":2},"end":{"line":21,"column":null}}},"fnMap":{"0":{"name":"DocsPage","decl":{"start":{"line":7,"column":24},"end":{"line":7,"column":null}},"loc":{"start":{"line":7,"column":24},"end":{"line":24,"column":null}}},"1":{"name":"(anonymous_3)","decl":{"start":{"line":10,"column":12},"end":{"line":10,"column":null}},"loc":{"start":{"line":10,"column":12},"end":{"line":17,"column":5}}},"2":{"name":"fetchSpec","decl":{"start":{"line":11,"column":19},"end":{"line":11,"column":null}},"loc":{"start":{"line":11,"column":19},"end":{"line":15,"column":null}}}},"branchMap":{"0":{"loc":{"start":{"line":19,"column":2},"end":{"line":21,"column":null}},"type":"if","locations":[{"start":{"line":19,"column":2},"end":{"line":21,"column":null}},{"start":{},"end":{}}]}},"s":{"0":0,"1":0,"2":0,"3":0,"4":0,"5":0,"6":0,"7":0,"8":0,"9":0,"10":0},"f":{"0":0,"1":0,"2":0},"b":{"0":[0,0]}}
,"D:\\Work\\2025\\10-nextjs\\my-saas-platform\\app\\organizations\\(org-context)\\[orgId]\\layout.tsx": {"path":"D:\\Work\\2025\\10-nextjs\\my-saas-platform\\app\\organizations\\(org-context)\\[orgId]\\layout.tsx","statementMap":{"0":{"start":{"line":6,"column":24},"end":{"line":6,"column":53}},"1":{"start":{"line":3,"column":51},"end":{"line":3,"column":null}},"2":{"start":{"line":4,"column":27},"end":{"line":4,"column":null}},"3":{"start":{"line":10,"column":22},"end":{"line":10,"column":null}}},"fnMap":{"0":{"name":"OrganizationContextualLayout","decl":{"start":{"line":6,"column":24},"end":{"line":6,"column":53}},"loc":{"start":{"line":9,"column":1},"end":{"line":16,"column":null}}}},"branchMap":{},"s":{"0":0,"1":0,"2":0,"3":0},"f":{"0":0},"b":{}}
,"D:\\Work\\2025\\10-nextjs\\my-saas-platform\\app\\organizations\\(org-context)\\[orgId]\\dashboard\\page.tsx": {"path":"D:\\Work\\2025\\10-nextjs\\my-saas-platform\\app\\organizations\\(org-context)\\[orgId]\\dashboard\\page.tsx","statementMap":{"0":{"start":{"line":38,"column":24},"end":{"line":38,"column":50}},"1":{"start":{"line":4,"column":27},"end":{"line":4,"column":null}},"2":{"start":{"line":5,"column":17},"end":{"line":5,"column":null}},"3":{"start":{"line":6,"column":26},"end":{"line":6,"column":null}},"4":{"start":{"line":7,"column":49},"end":{"line":7,"column":null}},"5":{"start":{"line":10,"column":33},"end":{"line":10,"column":null}},"6":{"start":{"line":11,"column":41},"end":{"line":11,"column":null}},"7":{"start":{"line":13,"column":31},"end":{"line":13,"column":null}},"8":{"start":{"line":39,"column":17},"end":{"line":39,"column":null}},"9":{"start":{"line":40,"column":20},"end":{"line":40,"column":null}},"10":{"start":{"line":50,"column":6},"end":{"line":50,"column":39}},"11":{"start":{"line":53,"column":54},"end":{"line":53,"column":null}},"12":{"start":{"line":54,"column":23},"end":{"line":54,"column":null}},"13":{"start":{"line":54,"column":49},"end":{"line":54,"column":null}},"14":{"start":{"line":56,"column":20},"end":{"line":56,"column":null}},"15":{"start":{"line":58,"column":2},"end":{"line":65,"column":null}},"16":{"start":{"line":68,"column":2},"end":{"line":71,"column":null}},"17":{"start":{"line":69,"column":4},"end":{"line":69,"column":null}},"18":{"start":{"line":70,"column":4},"end":{"line":70,"column":null}},"19":{"start":{"line":73,"column":22},"end":{"line":73,"column":null}},"20":{"start":{"line":73,"column":54},"end":{"line":73,"column":70}},"21":{"start":{"line":76,"column":23},"end":{"line":76,"column":57}},"22":{"start":{"line":124,"column":14},"end":{"line":124,"column":51}}},"fnMap":{"0":{"name":"OrganizationDashboardPage","decl":{"start":{"line":38,"column":24},"end":{"line":38,"column":50}},"loc":{"start":{"line":38,"column":99},"end":{"line":149,"column":null}}},"1":{"name":"(anonymous_8)","decl":{"start":{"line":54,"column":42},"end":{"line":54,"column":49}},"loc":{"start":{"line":54,"column":49},"end":{"line":54,"column":null}}},"2":{"name":"(anonymous_9)","decl":{"start":{"line":73,"column":39},"end":{"line":73,"column":40}},"loc":{"start":{"line":73,"column":54},"end":{"line":73,"column":70}}},"3":{"name":"(anonymous_10)","decl":{"start":{"line":123,"column":38},"end":{"line":123,"column":null}},"loc":{"start":{"line":124,"column":14},"end":{"line":124,"column":51}}}},"branchMap":{"0":{"loc":{"start":{"line":28,"column":62},"end":{"line":28,"column":null}},"type":"binary-expr","locations":[{"start":{"line":28,"column":62},"end":{"line":28,"column":81}},{"start":{"line":28,"column":85},"end":{"line":28,"column":null}}]},"1":{"loc":{"start":{"line":56,"column":20},"end":{"line":56,"column":null}},"type":"binary-expr","locations":[{"start":{"line":56,"column":20},"end":{"line":56,"column":42}},{"start":{"line":56,"column":42},"end":{"line":56,"column":null}}]},"2":{"loc":{"start":{"line":58,"column":2},"end":{"line":65,"column":null}},"type":"if","locations":[{"start":{"line":58,"column":2},"end":{"line":65,"column":null}},{"start":{},"end":{}}]},"3":{"loc":{"start":{"line":68,"column":2},"end":{"line":71,"column":null}},"type":"if","locations":[{"start":{"line":68,"column":2},"end":{"line":71,"column":null}},{"start":{},"end":{}}]},"4":{"loc":{"start":{"line":68,"column":6},"end":{"line":68,"column":30}},"type":"binary-expr","locations":[{"start":{"line":68,"column":6},"end":{"line":68,"column":15}},{"start":{"line":68,"column":15},"end":{"line":68,"column":30}}]},"5":{"loc":{"start":{"line":122,"column":10},"end":{"line":128,"column":11}},"type":"cond-expr","locations":[{"start":{"line":122,"column":10},"end":{"line":128,"column":11}}]},"6":{"loc":{"start":{"line":136,"column":9},"end":{"line":136,"column":null}},"type":"binary-expr","locations":[{"start":{"line":136,"column":9},"end":{"line":136,"column":null}}]}},"s":{"0":0,"1":0,"2":0,"3":0,"4":0,"5":0,"6":0,"7":0,"8":0,"9":0,"10":0,"11":0,"12":0,"13":0,"14":0,"15":0,"16":0,"17":0,"18":0,"19":0,"20":0,"21":0,"22":0},"f":{"0":0,"1":0,"2":0,"3":0},"b":{"0":[0,0],"1":[0,0],"2":[0,0],"3":[0,0],"4":[0,0],"5":[0],"6":[0]}}
,"D:\\Work\\2025\\10-nextjs\\my-saas-platform\\app\\organizations\\(org-context)\\[orgId]\\projects\\page.tsx": {"path":"D:\\Work\\2025\\10-nextjs\\my-saas-platform\\app\\organizations\\(org-context)\\[orgId]\\projects\\page.tsx","statementMap":{"0":{"start":{"line":10,"column":24},"end":{"line":10,"column":49}},"1":{"start":{"line":4,"column":43},"end":{"line":4,"column":null}},"2":{"start":{"line":5,"column":25},"end":{"line":5,"column":null}},"3":{"start":{"line":6,"column":27},"end":{"line":6,"column":null}},"4":{"start":{"line":15,"column":22},"end":{"line":15,"column":null}},"5":{"start":{"line":17,"column":4},"end":{"line":20,"column":null}},"6":{"start":{"line":19,"column":8},"end":{"line":19,"column":null}}},"fnMap":{"0":{"name":"OrganizationProjectsPage","decl":{"start":{"line":10,"column":24},"end":{"line":10,"column":49}},"loc":{"start":{"line":14,"column":1},"end":{"line":26,"column":null}}}},"branchMap":{"0":{"loc":{"start":{"line":17,"column":4},"end":{"line":20,"column":null}},"type":"if","locations":[{"start":{"line":17,"column":4},"end":{"line":20,"column":null}},{"start":{},"end":{}}]}},"s":{"0":0,"1":0,"2":0,"3":0,"4":0,"5":0,"6":0},"f":{"0":0},"b":{"0":[0,0]}}
,"D:\\Work\\2025\\10-nextjs\\my-saas-platform\\app\\organizations\\(org-context)\\[orgId]\\projects\\[projectId]\\events\\page.tsx": {"path":"D:\\Work\\2025\\10-nextjs\\my-saas-platform\\app\\organizations\\(org-context)\\[orgId]\\projects\\[projectId]\\events\\page.tsx","statementMap":{"0":{"start":{"line":9,"column":24},"end":{"line":9,"column":42}},"1":{"start":{"line":4,"column":36},"end":{"line":4,"column":null}},"2":{"start":{"line":5,"column":25},"end":{"line":5,"column":null}},"3":{"start":{"line":6,"column":27},"end":{"line":6,"column":null}},"4":{"start":{"line":11,"column":33},"end":{"line":11,"column":null}},"5":{"start":{"line":13,"column":4},"end":{"line":13,"column":null}},"6":{"start":{"line":15,"column":4},"end":{"line":17,"column":null}},"7":{"start":{"line":16,"column":8},"end":{"line":16,"column":null}}},"fnMap":{"0":{"name":"ProjectEventsPage","decl":{"start":{"line":9,"column":24},"end":{"line":9,"column":42}},"loc":{"start":{"line":9,"column":109},"end":{"line":23,"column":null}}}},"branchMap":{"0":{"loc":{"start":{"line":15,"column":4},"end":{"line":17,"column":null}},"type":"if","locations":[{"start":{"line":15,"column":4},"end":{"line":17,"column":null}},{"start":{},"end":{}}]},"1":{"loc":{"start":{"line":15,"column":8},"end":{"line":15,"column":30}},"type":"binary-expr","locations":[{"start":{"line":15,"column":8},"end":{"line":15,"column":18}},{"start":{"line":15,"column":18},"end":{"line":15,"column":30}}]}},"s":{"0":0,"1":0,"2":0,"3":0,"4":0,"5":0,"6":0,"7":0},"f":{"0":0},"b":{"0":[0,0],"1":[0,0]}}
,"D:\\Work\\2025\\10-nextjs\\my-saas-platform\\app\\organizations\\(org-context)\\[orgId]\\projects\\[projectId]\\settings\\page.tsx": {"path":"D:\\Work\\2025\\10-nextjs\\my-saas-platform\\app\\organizations\\(org-context)\\[orgId]\\projects\\[projectId]\\settings\\page.tsx","statementMap":{"0":{"start":{"line":9,"column":24},"end":{"line":9,"column":45}},"1":{"start":{"line":4,"column":39},"end":{"line":4,"column":null}},"2":{"start":{"line":5,"column":25},"end":{"line":5,"column":null}},"3":{"start":{"line":6,"column":27},"end":{"line":6,"column":null}},"4":{"start":{"line":10,"column":33},"end":{"line":10,"column":null}},"5":{"start":{"line":12,"column":4},"end":{"line":15,"column":null}},"6":{"start":{"line":14,"column":8},"end":{"line":14,"column":null}}},"fnMap":{"0":{"name":"ApiKeyManagementPage","decl":{"start":{"line":9,"column":24},"end":{"line":9,"column":45}},"loc":{"start":{"line":9,"column":111},"end":{"line":21,"column":null}}}},"branchMap":{"0":{"loc":{"start":{"line":12,"column":4},"end":{"line":15,"column":null}},"type":"if","locations":[{"start":{"line":12,"column":4},"end":{"line":15,"column":null}},{"start":{},"end":{}}]},"1":{"loc":{"start":{"line":12,"column":8},"end":{"line":12,"column":30}},"type":"binary-expr","locations":[{"start":{"line":12,"column":8},"end":{"line":12,"column":18}},{"start":{"line":12,"column":18},"end":{"line":12,"column":30}}]}},"s":{"0":0,"1":0,"2":0,"3":0,"4":0,"5":0,"6":0},"f":{"0":0},"b":{"0":[0,0],"1":[0,0]}}
,"D:\\Work\\2025\\10-nextjs\\my-saas-platform\\app\\organizations\\(org-list)\\layout.tsx": {"path":"D:\\Work\\2025\\10-nextjs\\my-saas-platform\\app\\organizations\\(org-list)\\layout.tsx","statementMap":{"0":{"start":{"line":7,"column":24},"end":{"line":7,"column":47}},"1":{"start":{"line":3,"column":51},"end":{"line":3,"column":null}},"2":{"start":{"line":4,"column":18},"end":{"line":4,"column":null}}},"fnMap":{"0":{"name":"OrganizationRootLayout","decl":{"start":{"line":7,"column":24},"end":{"line":7,"column":47}},"loc":{"start":{"line":7,"column":90},"end":{"line":14,"column":null}}}},"branchMap":{},"s":{"0":0,"1":0,"2":0},"f":{"0":0},"b":{}}
[...]
,"D:\\Work\\2025\\10-nextjs\\my-saas-platform\\lib\\swagger.ts": {"path":"D:\\Work\\2025\\10-nextjs\\my-saas-platform\\lib\\swagger.ts","statementMap":{"0":{"start":{"line":3,"column":13},"end":{"line":3,"column":27}},"1":{"start":{"line":1,"column":25},"end":{"line":1,"column":null}},"2":{"start":{"line":3,"column":27},"end":{"line":41,"column":null}}},"fnMap":{},"branchMap":{},"s":{"0":0,"1":0,"2":0},"f":{},"b":{}}
,"D:\\Work\\2025\\10-nextjs\\my-saas-platform\\lib\\validateRequest.ts": {"path":"D:\\Work\\2025\\10-nextjs\\my-saas-platform\\lib\\validateRequest.ts","statementMap":{"0":{"start":{"line":8,"column":22},"end":{"line":8,"column":null}},"1":{"start":{"line":27,"column":16},"end":{"line":27,"column":34}},"2":{"start":{"line":2,"column":29},"end":{"line":2,"column":null}},"3":{"start":{"line":12,"column":15},"end":{"line":12,"column":null}},"4":{"start":{"line":13,"column":22},"end":{"line":13,"column":null}},"5":{"start":{"line":15,"column":2},"end":{"line":20,"column":null}},"6":{"start":{"line":16,"column":4},"end":{"line":19,"column":null}},"7":{"start":{"line":22,"column":2},"end":{"line":22,"column":null}},"8":{"start":{"line":28,"column":2},"end":{"line":36,"column":null}},"9":{"start":{"line":29,"column":4},"end":{"line":35,"column":null}},"10":{"start":{"line":30,"column":25},"end":{"line":30,"column":null}},"11":{"start":{"line":31,"column":6},"end":{"line":31,"column":null}},"12":{"start":{"line":31,"column":31},"end":{"line":31,"column":null}},"13":{"start":{"line":34,"column":6},"end":{"line":34,"column":null}}},"fnMap":{"0":{"name":"validateRequest","decl":{"start":{"line":8,"column":22},"end":{"line":8,"column":null}},"loc":{"start":{"line":10,"column":22},"end":{"line":23,"column":null}}},"1":{"name":"withValidation","decl":{"start":{"line":27,"column":16},"end":{"line":27,"column":34}},"loc":{"start":{"line":27,"column":54},"end":{"line":37,"column":null}}},"2":{"name":"(anonymous_5)","decl":{"start":{"line":28,"column":9},"end":{"line":28,"column":10}},"loc":{"start":{"line":28,"column":10},"end":{"line":36,"column":null}}},"3":{"name":"(anonymous_6)","decl":{"start":{"line":29,"column":11},"end":{"line":29,"column":18}},"loc":{"start":{"line":29,"column":32},"end":{"line":35,"column":null}}}},"branchMap":{"0":{"loc":{"start":{"line":15,"column":2},"end":{"line":20,"column":null}},"type":"if","locations":[{"start":{"line":15,"column":2},"end":{"line":20,"column":null}},{"start":{},"end":{}}]},"1":{"loc":{"start":{"line":31,"column":6},"end":{"line":31,"column":null}},"type":"if","locations":[{"start":{"line":31,"column":6},"end":{"line":31,"column":null}},{"start":{},"end":{}}]}},"s":{"0":0,"1":0,"2":0,"3":0,"4":0,"5":0,"6":0,"7":0,"8":0,"9":0,"10":0,"11":0,"12":0,"13":0},"f":{"0":0,"1":0,"2":0,"3":0},"b":{"0":[0,0],"1":[0,0]}}
,"D:\\Work\\2025\\10-nextjs\\my-saas-platform\\lib\\api\\client.ts": {"path":"D:\\Work\\2025\\10-nextjs\\my-saas-platform\\lib\\api\\client.ts","statementMap":{"0":{"start":{"line":15,"column":22},"end":{"line":15,"column":null}},"1":{"start":{"line":3,"column":29},"end":{"line":3,"column":null}},"2":{"start":{"line":5,"column":17},"end":{"line":5,"column":25}},"3":{"start":{"line":19,"column":16},"end":{"line":19,"column":null}},"4":{"start":{"line":20,"column":18},"end":{"line":20,"column":null}},"5":{"start":{"line":22,"column":2},"end":{"line":24,"column":null}},"6":{"start":{"line":23,"column":4},"end":{"line":23,"column":null}},"7":{"start":{"line":27,"column":2},"end":{"line":30,"column":null}},"8":{"start":{"line":28,"column":4},"end":{"line":28,"column":null}},"9":{"start":{"line":29,"column":4},"end":{"line":29,"column":null}},"10":{"start":{"line":33,"column":12},"end":{"line":33,"column":36}},"11":{"start":{"line":34,"column":2},"end":{"line":37,"column":null}},"12":{"start":{"line":35,"column":18},"end":{"line":35,"column":null}},"13":{"start":{"line":36,"column":4},"end":{"line":36,"column":null}},"14":{"start":{"line":39,"column":19},"end":{"line":42,"column":null}},"15":{"start":{"line":44,"column":2},"end":{"line":52,"column":null}},"16":{"start":{"line":46,"column":4},"end":{"line":49,"column":null}},"17":{"start":{"line":48,"column":6},"end":{"line":48,"column":null}},"18":{"start":{"line":50,"column":22},"end":{"line":50,"column":null}},"19":{"start":{"line":50,"column":57},"end":{"line":50,"column":null}},"20":{"start":{"line":51,"column":4},"end":{"line":51,"column":null}},"21":{"start":{"line":55,"column":2},"end":{"line":57,"column":null}},"22":{"start":{"line":56,"column":4},"end":{"line":56,"column":null}},"23":{"start":{"line":59,"column":2},"end":{"line":59,"column":null}}},"fnMap":{"0":{"name":"apiFetch","decl":{"start":{"line":15,"column":22},"end":{"line":15,"column":null}},"loc":{"start":{"line":17,"column":26},"end":{"line":60,"column":null}}},"1":{"name":"(anonymous_2)","decl":{"start":{"line":50,"column":50},"end":{"line":50,"column":57}},"loc":{"start":{"line":50,"column":57},"end":{"line":50,"column":null}}}},"branchMap":{"0":{"loc":{"start":{"line":17,"column":2},"end":{"line":17,"column":26}},"type":"default-arg","locations":[{"start":{"line":17,"column":24},"end":{"line":17,"column":26}}]},"1":{"loc":{"start":{"line":20,"column":30},"end":{"line":20,"column":null}},"type":"binary-expr","locations":[{"start":{"line":20,"column":30},"end":{"line":20,"column":45}},{"start":{"line":20,"column":49},"end":{"line":20,"column":null}}]},"2":{"loc":{"start":{"line":22,"column":2},"end":{"line":24,"column":null}},"type":"if","locations":[{"start":{"line":22,"column":2},"end":{"line":24,"column":null}},{"start":{},"end":{}}]},"3":{"loc":{"start":{"line":27,"column":2},"end":{"line":30,"column":null}},"type":"if","locations":[{"start":{"line":27,"column":2},"end":{"line":30,"column":null}},{"start":{},"end":{}}]},"4":{"loc":{"start":{"line":27,"column":6},"end":{"line":27,"column":52}},"type":"binary-expr","locations":[{"start":{"line":27,"column":6},"end":{"line":27,"column":18}},{"start":{"line":27,"column":22},"end":{"line":27,"column":52}}]},"5":{"loc":{"start":{"line":34,"column":2},"end":{"line":37,"column":null}},"type":"if","locations":[{"start":{"line":34,"column":2},"end":{"line":37,"column":null}},{"start":{},"end":{}}]},"6":{"loc":{"start":{"line":44,"column":2},"end":{"line":52,"column":null}},"type":"if","locations":[{"start":{"line":44,"column":2},"end":{"line":52,"column":null}},{"start":{},"end":{}}]},"7":{"loc":{"start":{"line":46,"column":4},"end":{"line":49,"column":null}},"type":"if","locations":[{"start":{"line":46,"column":4},"end":{"line":49,"column":null}},{"start":{},"end":{}}]},"8":{"loc":{"start":{"line":51,"column":20},"end":{"line":51,"column":null}},"type":"binary-expr","locations":[{"start":{"line":51,"column":20},"end":{"line":51,"column":37}},{"start":{"line":51,"column":41},"end":{"line":51,"column":null}}]},"9":{"loc":{"start":{"line":55,"column":2},"end":{"line":57,"column":null}},"type":"if","locations":[{"start":{"line":55,"column":2},"end":{"line":57,"column":null}},{"start":{},"end":{}}]}},"s":{"0":0,"1":0,"2":0,"3":0,"4":0,"5":0,"6":0,"7":0,"8":0,"9":0,"10":0,"11":0,"12":0,"13":0,"14":0,"15":0,"16":0,"17":0,"18":0,"19":0,"20":0,"21":0,"22":0,"23":0},"f":{"0":0,"1":0},"b":{"0":[0],"1":[0,0],"2":[0,0],"3":[0,0],"4":[0,0],"5":[0,0],"6":[0,0],"7":[0,0],"8":[0,0],"9":[0,0]}}
,"D:\\Work\\2025\\10-nextjs\\my-saas-platform\\lib\\api\\event.ts": {"path":"D:\\Work\\2025\\10-nextjs\\my-saas-platform\\lib\\api\\event.ts","statementMap":{"0":{"start":{"line":10,"column":13},"end":{"line":10,"column":37}},"1":{"start":{"line":3,"column":25},"end":{"line":3,"column":null}},"2":{"start":{"line":10,"column":37},"end":{"line":12,"column":null}},"3":{"start":{"line":11,"column":2},"end":{"line":11,"column":null}}},"fnMap":{"0":{"name":"(anonymous_1)","decl":{"start":{"line":10,"column":37},"end":{"line":10,"column":44}},"loc":{"start":{"line":10,"column":44},"end":{"line":12,"column":null}}}},"branchMap":{},"s":{"0":0,"1":0,"2":0,"3":0},"f":{"0":0},"b":{}}
,"D:\\Work\\2025\\10-nextjs\\my-saas-platform\\lib\\api\\organization.ts": {"path":"D:\\Work\\2025\\10-nextjs\\my-saas-platform\\lib\\api\\organization.ts","statementMap":{"0":{"start":{"line":16,"column":13},"end":{"line":16,"column":34}},"1":{"start":{"line":36,"column":13},"end":{"line":36,"column":34}},"2":{"start":{"line":9,"column":13},"end":{"line":9,"column":32}},"3":{"start":{"line":26,"column":13},"end":{"line":26,"column":34}},"4":{"start":{"line":3,"column":25},"end":{"line":3,"column":null}},"5":{"start":{"line":9,"column":32},"end":{"line":11,"column":null}},"6":{"start":{"line":10,"column":2},"end":{"line":10,"column":null}},"7":{"start":{"line":16,"column":34},"end":{"line":21,"column":null}},"8":{"start":{"line":17,"column":2},"end":{"line":20,"column":null}},"9":{"start":{"line":26,"column":34},"end":{"line":31,"column":null}},"10":{"start":{"line":27,"column":2},"end":{"line":30,"column":null}},"11":{"start":{"line":36,"column":34},"end":{"line":41,"column":null}},"12":{"start":{"line":38,"column":2},"end":{"line":40,"column":null}}},"fnMap":{"0":{"name":"(anonymous_5)","decl":{"start":{"line":9,"column":32},"end":{"line":9,"column":null}},"loc":{"start":{"line":9,"column":32},"end":{"line":11,"column":null}}},"1":{"name":"(anonymous_6)","decl":{"start":{"line":16,"column":34},"end":{"line":16,"column":41}},"loc":{"start":{"line":16,"column":41},"end":{"line":21,"column":null}}},"2":{"name":"(anonymous_7)","decl":{"start":{"line":26,"column":34},"end":{"line":26,"column":41}},"loc":{"start":{"line":26,"column":53},"end":{"line":31,"column":null}}},"3":{"name":"(anonymous_8)","decl":{"start":{"line":36,"column":34},"end":{"line":36,"column":41}},"loc":{"start":{"line":36,"column":41},"end":{"line":41,"column":null}}}},"branchMap":{},"s":{"0":0,"1":0,"2":0,"3":0,"4":0,"5":0,"6":0,"7":0,"8":0,"9":0,"10":0,"11":0,"12":0},"f":{"0":0,"1":0,"2":0,"3":0},"b":{}}
,"D:\\Work\\2025\\10-nextjs\\my-saas-platform\\lib\\api\\project.ts": {"path":"D:\\Work\\2025\\10-nextjs\\my-saas-platform\\lib\\api\\project.ts","statementMap":{"0":{"start":{"line":32,"column":13},"end":{"line":32,"column":29}},"1":{"start":{"line":55,"column":13},"end":{"line":55,"column":29}},"2":{"start":{"line":16,"column":13},"end":{"line":16,"column":33}},"3":{"start":{"line":9,"column":13},"end":{"line":9,"column":27}},"4":{"start":{"line":43,"column":13},"end":{"line":43,"column":29}},"5":{"start":{"line":3,"column":25},"end":{"line":3,"column":null}},"6":{"start":{"line":9,"column":27},"end":{"line":11,"column":null}},"7":{"start":{"line":10,"column":2},"end":{"line":10,"column":null}},"8":{"start":{"line":16,"column":33},"end":{"line":18,"column":null}},"9":{"start":{"line":17,"column":2},"end":{"line":17,"column":null}},"10":{"start":{"line":23,"column":26},"end":{"line":27,"column":null}},"11":{"start":{"line":23,"column":54},"end":{"line":27,"column":null}},"12":{"start":{"line":25,"column":49},"end":{"line":25,"column":59}},"13":{"start":{"line":25,"column":71},"end":{"line":25,"column":null}},"14":{"start":{"line":32,"column":29},"end":{"line":38,"column":null}},"15":{"start":{"line":33,"column":18},"end":{"line":33,"column":null}},"16":{"start":{"line":34,"column":2},"end":{"line":37,"column":null}},"17":{"start":{"line":43,"column":29},"end":{"line":50,"column":null}},"18":{"start":{"line":45,"column":18},"end":{"line":45,"column":null}},"19":{"start":{"line":46,"column":2},"end":{"line":49,"column":null}},"20":{"start":{"line":55,"column":29},"end":{"line":59,"column":null}},"21":{"start":{"line":56,"column":2},"end":{"line":58,"column":null}}},"fnMap":{"0":{"name":"(anonymous_6)","decl":{"start":{"line":9,"column":27},"end":{"line":9,"column":34}},"loc":{"start":{"line":9,"column":34},"end":{"line":11,"column":null}}},"1":{"name":"(anonymous_7)","decl":{"start":{"line":16,"column":33},"end":{"line":16,"column":40}},"loc":{"start":{"line":16,"column":40},"end":{"line":18,"column":null}}},"2":{"name":"(anonymous_8)","decl":{"start":{"line":23,"column":26},"end":{"line":23,"column":27}},"loc":{"start":{"line":23,"column":54},"end":{"line":27,"column":null}}},"3":{"name":"(anonymous_9)","decl":{"start":{"line":25,"column":44},"end":{"line":25,"column":49}},"loc":{"start":{"line":25,"column":49},"end":{"line":25,"column":59}}},"4":{"name":"(anonymous_10)","decl":{"start":{"line":25,"column":66},"end":{"line":25,"column":71}},"loc":{"start":{"line":25,"column":71},"end":{"line":25,"column":null}}},"5":{"name":"(anonymous_11)","decl":{"start":{"line":32,"column":29},"end":{"line":32,"column":36}},"loc":{"start":{"line":32,"column":36},"end":{"line":38,"column":null}}},"6":{"name":"(anonymous_12)","decl":{"start":{"line":43,"column":29},"end":{"line":43,"column":36}},"loc":{"start":{"line":43,"column":48},"end":{"line":50,"column":null}}},"7":{"name":"(anonymous_13)","decl":{"start":{"line":55,"column":29},"end":{"line":55,"column":36}},"loc":{"start":{"line":55,"column":36},"end":{"line":59,"column":null}}}},"branchMap":{"0":{"loc":{"start":{"line":26,"column":17},"end":{"line":26,"column":66}},"type":"cond-expr","locations":[{"start":{"line":26,"column":43},"end":{"line":26,"column":50}},{"start":{"line":26,"column":50},"end":{"line":26,"column":66}}]}},"s":{"0":0,"1":0,"2":0,"3":0,"4":0,"5":0,"6":0,"7":0,"8":0,"9":0,"10":0,"11":0,"12":0,"13":0,"14":0,"15":0,"16":0,"17":0,"18":0,"19":0,"20":0,"21":0},"f":{"0":0,"1":0,"2":0,"3":0,"4":0,"5":0,"6":0,"7":0},"b":{"0":[0,0]}}
,"D:\\Work\\2025\\10-nextjs\\my-saas-platform\\lib\\api\\storage.ts": {"path":"D:\\Work\\2025\\10-nextjs\\my-saas-platform\\lib\\api\\storage.ts","statementMap":{"0":{"start":{"line":10,"column":16},"end":{"line":10,"column":null}},"1":{"start":{"line":55,"column":16},"end":{"line":55,"column":null}},"2":{"start":{"line":39,"column":16},"end":{"line":39,"column":null}},"3":{"start":{"line":30,"column":16},"end":{"line":30,"column":null}},"4":{"start":{"line":67,"column":16},"end":{"line":67,"column":null}},"5":{"start":{"line":21,"column":16},"end":{"line":21,"column":29}},"6":{"start":{"line":46,"column":16},"end":{"line":46,"column":24}},"7":{"start":{"line":5,"column":18},"end":{"line":5,"column":null}},"8":{"start":{"line":6,"column":17},"end":{"line":6,"column":null}},"9":{"start":{"line":11,"column":2},"end":{"line":13,"column":null}},"10":{"start":{"line":12,"column":4},"end":{"line":12,"column":null}},"11":{"start":{"line":14,"column":2},"end":{"line":14,"column":null}},"12":{"start":{"line":22,"column":2},"end":{"line":24,"column":null}},"13":{"start":{"line":23,"column":4},"end":{"line":23,"column":null}},"14":{"start":{"line":31,"column":2},"end":{"line":33,"column":null}},"15":{"start":{"line":32,"column":4},"end":{"line":32,"column":null}},"16":{"start":{"line":40,"column":2},"end":{"line":40,"column":null}},"17":{"start":{"line":47,"column":2},"end":{"line":49,"column":null}},"18":{"start":{"line":48,"column":4},"end":{"line":48,"column":null}},"19":{"start":{"line":56,"column":2},"end":{"line":59,"column":null}},"20":{"start":{"line":57,"column":18},"end":{"line":57,"column":null}},"21":{"start":{"line":58,"column":4},"end":{"line":58,"column":null}},"22":{"start":{"line":61,"column":2},"end":{"line":61,"column":null}},"23":{"start":{"line":68,"column":2},"end":{"line":70,"column":null}},"24":{"start":{"line":69,"column":4},"end":{"line":69,"column":null}}},"fnMap":{"0":{"name":"getAuthToken","decl":{"start":{"line":10,"column":16},"end":{"line":10,"column":null}},"loc":{"start":{"line":10,"column":16},"end":{"line":15,"column":null}}},"1":{"name":"setAuthToken","decl":{"start":{"line":21,"column":16},"end":{"line":21,"column":29}},"loc":{"start":{"line":21,"column":42},"end":{"line":25,"column":null}}},"2":{"name":"removeAuthToken","decl":{"start":{"line":30,"column":16},"end":{"line":30,"column":null}},"loc":{"start":{"line":30,"column":16},"end":{"line":34,"column":null}}},"3":{"name":"isAuthenticated","decl":{"start":{"line":39,"column":16},"end":{"line":39,"column":null}},"loc":{"start":{"line":39,"column":16},"end":{"line":41,"column":null}}},"4":{"name":"setUser","decl":{"start":{"line":46,"column":16},"end":{"line":46,"column":24}},"loc":{"start":{"line":46,"column":34},"end":{"line":50,"column":null}}},"5":{"name":"getUser","decl":{"start":{"line":55,"column":16},"end":{"line":55,"column":null}},"loc":{"start":{"line":55,"column":16},"end":{"line":62,"column":null}}},"6":{"name":"removeUser","decl":{"start":{"line":67,"column":16},"end":{"line":67,"column":null}},"loc":{"start":{"line":67,"column":16},"end":{"line":71,"column":null}}}},"branchMap":{"0":{"loc":{"start":{"line":11,"column":2},"end":{"line":13,"column":null}},"type":"if","locations":[{"start":{"line":11,"column":2},"end":{"line":13,"column":null}},{"start":{},"end":{}}]},"1":{"loc":{"start":{"line":22,"column":2},"end":{"line":24,"column":null}},"type":"if","locations":[{"start":{"line":22,"column":2},"end":{"line":24,"column":null}},{"start":{},"end":{}}]},"2":{"loc":{"start":{"line":31,"column":2},"end":{"line":33,"column":null}},"type":"if","locations":[{"start":{"line":31,"column":2},"end":{"line":33,"column":null}},{"start":{},"end":{}}]},"3":{"loc":{"start":{"line":47,"column":2},"end":{"line":49,"column":null}},"type":"if","locations":[{"start":{"line":47,"column":2},"end":{"line":49,"column":null}},{"start":{},"end":{}}]},"4":{"loc":{"start":{"line":56,"column":2},"end":{"line":59,"column":null}},"type":"if","locations":[{"start":{"line":56,"column":2},"end":{"line":59,"column":null}},{"start":{},"end":{}}]},"5":{"loc":{"start":{"line":58,"column":11},"end":{"line":58,"column":null}},"type":"cond-expr","locations":[{"start":{"line":58,"column":20},"end":{"line":58,"column":27}},{"start":{"line":58,"column":27},"end":{"line":58,"column":null}}]},"6":{"loc":{"start":{"line":68,"column":2},"end":{"line":70,"column":null}},"type":"if","locations":[{"start":{"line":68,"column":2},"end":{"line":70,"column":null}},{"start":{},"end":{}}]}},"s":{"0":0,"1":0,"2":0,"3":0,"4":0,"5":0,"6":0,"7":0,"8":0,"9":0,"10":0,"11":0,"12":0,"13":0,"14":0,"15":0,"16":0,"17":0,"18":0,"19":0,"20":0,"21":0,"22":0,"23":0,"24":0},"f":{"0":0,"1":0,"2":0,"3":0,"4":0,"5":0,"6":0},"b":{"0":[0,0],"1":[0,0],"2":[0,0],"3":[0,0],"4":[0,0],"5":[0,0],"6":[0,0]}}
,"D:\\Work\\2025\\10-nextjs\\my-saas-platform\\utils\\date.ts": {"path":"D:\\Work\\2025\\10-nextjs\\my-saas-platform\\utils\\date.ts","statementMap":{"0":{"start":{"line":8,"column":13},"end":{"line":8,"column":26}},"1":{"start":{"line":8,"column":26},"end":{"line":22,"column":null}},"2":{"start":{"line":9,"column":4},"end":{"line":9,"column":null}},"3":{"start":{"line":9,"column":21},"end":{"line":9,"column":null}},"4":{"start":{"line":10,"column":4},"end":{"line":21,"column":null}},"5":{"start":{"line":11,"column":21},"end":{"line":11,"column":null}},"6":{"start":{"line":12,"column":8},"end":{"line":12,"column":null}},"7":{"start":{"line":12,"column":35},"end":{"line":12,"column":null}},"8":{"start":{"line":14,"column":8},"end":{"line":18,"column":null}},"9":{"start":{"line":20,"column":8},"end":{"line":20,"column":null}}},"fnMap":{"0":{"name":"(anonymous_1)","decl":{"start":{"line":8,"column":26},"end":{"line":8,"column":27}},"loc":{"start":{"line":8,"column":27},"end":{"line":22,"column":null}}}},"branchMap":{"0":{"loc":{"start":{"line":9,"column":4},"end":{"line":9,"column":null}},"type":"if","locations":[{"start":{"line":9,"column":4},"end":{"line":9,"column":null}},{"start":{},"end":{}}]},"1":{"loc":{"start":{"line":12,"column":8},"end":{"line":12,"column":null}},"type":"if","locations":[{"start":{"line":12,"column":8},"end":{"line":12,"column":null}},{"start":{},"end":{}}]}},"s":{"0":0,"1":0,"2":0,"3":0,"4":0,"5":0,"6":0,"7":0,"8":0,"9":0},"f":{"0":0},"b":{"0":[0,0],"1":[0,0]}}
}
